03:24:43.073 [INFO ] [main] [CampusApplication:48] - Starting CampusApplication on Joses-MacBook-Pro.local with PID 24383 (/Users/josediaz/Projects/campusfrontend/build/classes/main started by josediaz in /Users/josediaz/Projects/campusfrontend)
03:24:43.092 [DEBUG] [main] [CampusApplication:51] - Running with Spring Boot v1.3.6.RELEASE, Spring v4.2.7.RELEASE
03:24:43.093 [INFO ] [main] [CampusApplication:660] - No active profile set, falling back to default profiles: default
03:24:43.737 [INFO ] [main] [AnnotationConfigApplicationContext:578] - Refreshing org.springframework.context.annotation.AnnotationConfigApplicationContext@7c7b252e: startup date [Sat Nov 19 03:24:43 PET 2016]; root of context hierarchy
03:24:43.828 [INFO ] [background-preinit] [Version:30] - HV000001: Hibernate Validator 5.2.4.Final
03:24:44.224 [INFO ] [main] [PostProcessorRegistrationDelegate$BeanPostProcessorChecker:328] - Bean 'encrypt.CONFIGURATION_PROPERTIES' of type [class org.springframework.cloud.bootstrap.encrypt.KeyProperties] is not eligible for getting processed by all BeanPostProcessors (for example: not eligible for auto-proxying)
03:24:44.225 [INFO ] [main] [PostProcessorRegistrationDelegate$BeanPostProcessorChecker:328] - Bean 'encryptionBootstrapConfiguration' of type [class org.springframework.cloud.bootstrap.encrypt.EncryptionBootstrapConfiguration$$EnhancerBySpringCGLIB$$353b62c8] is not eligible for getting processed by all BeanPostProcessors (for example: not eligible for auto-proxying)
03:24:44.350 [INFO ] [main] [CampusApplication:57] - Started CampusApplication in 1.892 seconds (JVM running for 2.932)
03:24:45.669 [INFO ] [main] [PropertySourceBootstrapConfiguration:89] - Located property source: CompositePropertySource [name='configService', propertySources=[MapPropertySource [name='https://github.com/joedayz/config-qa/campus-frontend.yml#default']]]
03:24:45.675 [INFO ] [main] [CampusApplication:660] - No active profile set, falling back to default profiles: default
03:24:45.689 [INFO ] [main] [AnnotationConfigEmbeddedWebApplicationContext:578] - Refreshing org.springframework.boot.context.embedded.AnnotationConfigEmbeddedWebApplicationContext@40f70521: startup date [Sat Nov 19 03:24:45 PET 2016]; parent: org.springframework.context.annotation.AnnotationConfigApplicationContext@7c7b252e
03:24:46.977 [INFO ] [main] [GenericScope:230] - BeanFactory id=78e258ec-27ea-3e8d-86d8-7e908cfd6407
03:24:47.034 [INFO ] [main] [PostProcessorRegistrationDelegate$BeanPostProcessorChecker:328] - Bean 'org.springframework.transaction.annotation.ProxyTransactionManagementConfiguration' of type [class org.springframework.transaction.annotation.ProxyTransactionManagementConfiguration$$EnhancerBySpringCGLIB$$28d2016f] is not eligible for getting processed by all BeanPostProcessors (for example: not eligible for auto-proxying)
03:24:47.076 [INFO ] [main] [PostProcessorRegistrationDelegate$BeanPostProcessorChecker:328] - Bean 'org.springframework.cloud.autoconfigure.RefreshAutoConfiguration$ConfigurationPropertiesRebinderConfiguration' of type [class org.springframework.cloud.autoconfigure.RefreshAutoConfiguration$ConfigurationPropertiesRebinderConfiguration$$EnhancerBySpringCGLIB$$29e63145] is not eligible for getting processed by all BeanPostProcessors (for example: not eligible for auto-proxying)
03:24:47.520 [INFO ] [main] [TomcatEmbeddedServletContainer:81] - Tomcat initialized with port(s): 8080 (http)
03:24:47.539 [INFO ] [main] [StandardService:180] - Starting service Tomcat
03:24:47.541 [INFO ] [main] [StandardEngine:180] - Starting Servlet Engine: Apache Tomcat/8.0.36
03:24:47.658 [INFO ] [localhost-startStop-1] [[/]:180] - Initializing Spring embedded WebApplicationContext
03:24:47.659 [INFO ] [localhost-startStop-1] [ContextLoader:272] - Root WebApplicationContext: initialization completed in 1969 ms
03:24:48.028 [INFO ] [localhost-startStop-1] [FilterRegistrationBean:258] - Mapping filter: 'characterEncodingFilter' to: [/*]
03:24:48.029 [INFO ] [localhost-startStop-1] [FilterRegistrationBean:258] - Mapping filter: 'hiddenHttpMethodFilter' to: [/*]
03:24:48.029 [INFO ] [localhost-startStop-1] [FilterRegistrationBean:258] - Mapping filter: 'httpPutFormContentFilter' to: [/*]
03:24:48.030 [INFO ] [localhost-startStop-1] [FilterRegistrationBean:258] - Mapping filter: 'requestContextFilter' to: [/*]
03:24:48.031 [INFO ] [localhost-startStop-1] [DelegatingFilterProxyRegistrationBean:258] - Mapping filter: 'springSecurityFilterChain' to: [/*]
03:24:48.032 [INFO ] [localhost-startStop-1] [ServletRegistrationBean:189] - Mapping servlet: 'dispatcherServlet' to [/]
03:24:48.557 [INFO ] [localhost-startStop-1] [AuthenticationManagerConfiguration:170] - 

Using default security password: b1e295b4-0702-4d34-a7e1-6f9df58c8038

03:24:48.565 [INFO ] [localhost-startStop-1] [DefaultSecurityFilterChain:28] - Creating filter chain: Ant [pattern='/css/**'], []
03:24:48.565 [INFO ] [localhost-startStop-1] [DefaultSecurityFilterChain:28] - Creating filter chain: Ant [pattern='/js/**'], []
03:24:48.566 [INFO ] [localhost-startStop-1] [DefaultSecurityFilterChain:28] - Creating filter chain: Ant [pattern='/images/**'], []
03:24:48.566 [INFO ] [localhost-startStop-1] [DefaultSecurityFilterChain:28] - Creating filter chain: Ant [pattern='/**/favicon.ico'], []
03:24:48.566 [INFO ] [localhost-startStop-1] [DefaultSecurityFilterChain:28] - Creating filter chain: Ant [pattern='/error'], []
03:24:48.647 [INFO ] [localhost-startStop-1] [DefaultSecurityFilterChain:28] - Creating filter chain: org.springframework.security.web.util.matcher.AnyRequestMatcher@1, [org.springframework.security.web.context.request.async.WebAsyncManagerIntegrationFilter@6a20a580, org.springframework.security.web.context.SecurityContextPersistenceFilter@595ff698, org.springframework.security.web.header.HeaderWriterFilter@c5c6ad7, org.springframework.security.web.authentication.logout.LogoutFilter@a159186, org.springframework.security.web.authentication.UsernamePasswordAuthenticationFilter@37f050f7, org.springframework.security.web.savedrequest.RequestCacheAwareFilter@5a0f8cb8, org.springframework.security.web.servletapi.SecurityContextHolderAwareRequestFilter@50a79e8c, org.springframework.security.web.authentication.rememberme.RememberMeAuthenticationFilter@5e3a1985, org.springframework.security.web.authentication.AnonymousAuthenticationFilter@45a8bc12, org.springframework.security.web.session.SessionManagementFilter@7cdb8fcc, org.springframework.security.web.access.ExceptionTranslationFilter@3f3c41ce, org.springframework.security.web.access.intercept.FilterSecurityInterceptor@34ad8658]
03:24:48.662 [INFO ] [localhost-startStop-1] [DefaultSecurityFilterChain:28] - Creating filter chain: OrRequestMatcher [requestMatchers=[Ant [pattern='/**']]], [org.springframework.security.web.context.request.async.WebAsyncManagerIntegrationFilter@2be1e900, org.springframework.security.web.context.SecurityContextPersistenceFilter@1b7d9b4a, org.springframework.security.web.header.HeaderWriterFilter@2dbfe735, org.springframework.security.web.authentication.logout.LogoutFilter@5420e3da, org.springframework.security.web.authentication.www.BasicAuthenticationFilter@237095df, org.springframework.security.web.savedrequest.RequestCacheAwareFilter@2594fd16, org.springframework.security.web.servletapi.SecurityContextHolderAwareRequestFilter@774030de, org.springframework.security.web.authentication.AnonymousAuthenticationFilter@2d56e046, org.springframework.security.web.session.SessionManagementFilter@7b48ef2, org.springframework.security.web.access.ExceptionTranslationFilter@2303ba81, org.springframework.security.web.access.intercept.FilterSecurityInterceptor@3f30a6a8]
03:24:49.210 [INFO ] [main] [RequestMappingHandlerAdapter:539] - Looking for @ControllerAdvice: org.springframework.boot.context.embedded.AnnotationConfigEmbeddedWebApplicationContext@40f70521: startup date [Sat Nov 19 03:24:45 PET 2016]; parent: org.springframework.context.annotation.AnnotationConfigApplicationContext@7c7b252e
03:24:49.315 [INFO ] [main] [RequestMappingHandlerMapping:534] - Mapped "{[/curso/novedades]}" onto public org.springframework.web.servlet.ModelAndView pe.joedayz.campus.controller.curso.CursoController.novedades() throws java.lang.Exception
03:24:49.317 [INFO ] [main] [RequestMappingHandlerMapping:534] - Mapped "{[/curso/contenido/{key}]}" onto public org.springframework.web.servlet.ModelAndView pe.joedayz.campus.controller.curso.CursoController.contenido(java.lang.String) throws java.lang.Exception
03:24:49.318 [INFO ] [main] [RequestMappingHandlerMapping:534] - Mapped "{[/]}" onto org.springframework.web.servlet.ModelAndView pe.joedayz.campus.controller.IndexController.index()
03:24:49.319 [INFO ] [main] [RequestMappingHandlerMapping:534] - Mapped "{[/kendo/index]}" onto java.lang.String pe.joedayz.campus.controller.KendoController.index()
03:24:49.319 [INFO ] [main] [RequestMappingHandlerMapping:534] - Mapped "{[/kendo/grid]}" onto java.lang.String pe.joedayz.campus.controller.KendoController.grid()
03:24:49.320 [INFO ] [main] [RequestMappingHandlerMapping:534] - Mapped "{[/login]}" onto org.springframework.web.servlet.ModelAndView pe.joedayz.campus.controller.LoginController.index()
03:24:49.320 [INFO ] [main] [RequestMappingHandlerMapping:534] - Mapped "{[/main/index]}" onto java.lang.String pe.joedayz.campus.controller.MainController.index()
03:24:49.321 [INFO ] [main] [RequestMappingHandlerMapping:534] - Mapped "{[/minor/index]}" onto java.lang.String pe.joedayz.campus.controller.MinorController.index()
03:24:49.324 [INFO ] [main] [RequestMappingHandlerMapping:534] - Mapped "{[/ping/poke]}" onto public org.springframework.http.ResponseEntity<java.lang.String> pe.joedayz.campus.controller.PingController.poke()
03:24:49.325 [INFO ] [main] [RequestMappingHandlerMapping:534] - Mapped "{[/reset-password]}" onto org.springframework.web.servlet.ModelAndView pe.joedayz.campus.controller.ResetPasswordController.index()
03:24:49.328 [INFO ] [main] [RequestMappingHandlerMapping:534] - Mapped "{[/role/search]}" onto org.springframework.web.servlet.ModelAndView pe.joedayz.campus.controller.role.RoleController.index() throws java.lang.Exception
03:24:49.328 [INFO ] [main] [RequestMappingHandlerMapping:534] - Mapped "{[/role/new]}" onto org.springframework.web.servlet.ModelAndView pe.joedayz.campus.controller.role.RoleController.create() throws com.fasterxml.jackson.core.JsonProcessingException
03:24:49.329 [INFO ] [main] [RequestMappingHandlerMapping:534] - Mapped "{[/role/edit]}" onto org.springframework.web.servlet.ModelAndView pe.joedayz.campus.controller.role.RoleController.roleEdit(java.lang.Long) throws java.lang.Exception
03:24:49.332 [INFO ] [main] [RequestMappingHandlerMapping:534] - Mapped "{[/user/search]}" onto org.springframework.web.servlet.ModelAndView pe.joedayz.campus.controller.security.UserController.index() throws java.lang.Exception
03:24:49.333 [INFO ] [main] [RequestMappingHandlerMapping:534] - Mapped "{[/user/new]}" onto org.springframework.web.servlet.ModelAndView pe.joedayz.campus.controller.security.UserController.init() throws java.lang.Exception
03:24:49.333 [INFO ] [main] [RequestMappingHandlerMapping:534] - Mapped "{[/user/edit]}" onto public org.springframework.web.servlet.ModelAndView pe.joedayz.campus.controller.security.UserController.edit(java.lang.Long) throws com.fasterxml.jackson.core.JsonProcessingException
03:24:49.334 [INFO ] [main] [RequestMappingHandlerMapping:534] - Mapped "{[/user/profile]}" onto public org.springframework.web.servlet.ModelAndView pe.joedayz.campus.controller.security.UserController.editProfile() throws com.fasterxml.jackson.core.JsonProcessingException
03:24:49.334 [INFO ] [main] [RequestMappingHandlerMapping:534] - Mapped "{[/user/find],methods=[GET],produces=[application/json]}" onto public pe.joedayz.campus.dto.UserDto pe.joedayz.campus.controller.security.UserController.findByUsername(java.lang.String)
03:24:49.334 [INFO ] [main] [RequestMappingHandlerMapping:534] - Mapped "{[/user/find/autocomplete/pricinganalyst],methods=[GET],produces=[application/json]}" onto public java.util.List<pe.joedayz.campus.dto.UserViewDto> pe.joedayz.campus.controller.security.UserController.findPricingAnaLystOld(java.lang.String)
03:24:49.334 [INFO ] [main] [RequestMappingHandlerMapping:534] - Mapped "{[/user/find/autocompletePricingAnalyst],methods=[GET],produces=[application/json]}" onto public java.util.List<pe.joedayz.campus.dto.UserViewDto> pe.joedayz.campus.controller.security.UserController.findPricingAnalyst(java.lang.String)
03:24:49.335 [INFO ] [main] [RequestMappingHandlerMapping:534] - Mapped "{[/user/find/autocomplete/commercialaccount],methods=[GET],produces=[application/json]}" onto public java.util.List<pe.joedayz.campus.dto.UserDto> pe.joedayz.campus.controller.security.UserController.findCommercialAccount(java.lang.String)
03:24:49.335 [INFO ] [main] [RequestMappingHandlerMapping:534] - Mapped "{[/user/find/autocomplete/commercialrep],methods=[GET],produces=[application/json]}" onto public java.util.List<pe.joedayz.campus.dto.UserDto> pe.joedayz.campus.controller.security.UserController.findCommercialRep(java.lang.String)
03:24:49.336 [INFO ] [main] [RequestMappingHandlerMapping:534] - Mapped "{[/backend/post/**],methods=[POST],produces=[application/json]}" onto public java.lang.String pe.joedayz.campus.rest.BackendController.mirrorRest(java.lang.String,org.springframework.http.HttpMethod,javax.servlet.http.HttpServletRequest,javax.servlet.http.HttpServletResponse) throws java.net.URISyntaxException
03:24:49.336 [INFO ] [main] [RequestMappingHandlerMapping:534] - Mapped "{[/backend/get/**],produces=[application/json]}" onto public java.lang.String pe.joedayz.campus.rest.BackendController.mirrorRest(org.springframework.http.HttpMethod,javax.servlet.http.HttpServletRequest,javax.servlet.http.HttpServletResponse) throws java.net.URISyntaxException
03:24:49.338 [INFO ] [main] [RequestMappingHandlerMapping:534] - Mapped "{[/cursoApi/temasDisponibles],methods=[GET],produces=[application/json]}" onto java.util.List<pe.joedayz.campus.dto.TemasCursoDto> pe.joedayz.campus.rest.curso.CursoApiController.find(java.lang.String)
03:24:49.340 [INFO ] [main] [RequestMappingHandlerMapping:534] - Mapped "{[/generalTable/search/find],methods=[GET],produces=[application/json]}" onto pe.joedayz.campus.dto.PageableResult pe.joedayz.campus.rest.GeneralTableController.find(pe.joedayz.campus.dto.GeneralTableFilterDto)
03:24:49.341 [INFO ] [main] [RequestMappingHandlerMapping:534] - Mapped "{[/generalTable/search]}" onto org.springframework.web.servlet.ModelAndView pe.joedayz.campus.rest.GeneralTableController.search() throws java.lang.Exception
03:24:49.341 [INFO ] [main] [RequestMappingHandlerMapping:534] - Mapped "{[/generalTable/new]}" onto org.springframework.web.servlet.ModelAndView pe.joedayz.campus.rest.GeneralTableController.newGeneralTable() throws com.fasterxml.jackson.core.JsonProcessingException
03:24:49.341 [INFO ] [main] [RequestMappingHandlerMapping:534] - Mapped "{[/generalTable/view]}" onto org.springframework.web.servlet.ModelAndView pe.joedayz.campus.rest.GeneralTableController.view(java.lang.Long) throws com.fasterxml.jackson.core.JsonProcessingException
03:24:49.343 [INFO ] [main] [RequestMappingHandlerMapping:534] - Mapped "{[/module/search/find],methods=[GET],produces=[application/json]}" onto pe.joedayz.campus.dto.PageableResult pe.joedayz.campus.rest.ModuleController.find(pe.joedayz.campus.dto.ModuleFilterDto)
03:24:49.344 [INFO ] [main] [RequestMappingHandlerMapping:534] - Mapped "{[/module/search]}" onto org.springframework.web.servlet.ModelAndView pe.joedayz.campus.rest.ModuleController.search() throws java.lang.Exception
03:24:49.345 [INFO ] [main] [RequestMappingHandlerMapping:534] - Mapped "{[/module/view]}" onto org.springframework.web.servlet.ModelAndView pe.joedayz.campus.rest.ModuleController.view(java.lang.Long) throws java.lang.Exception
03:24:49.347 [INFO ] [main] [RequestMappingHandlerMapping:534] - Mapped "{[/parameter/search/find],methods=[GET],produces=[application/json]}" onto pe.joedayz.campus.dto.PageableResult pe.joedayz.campus.rest.ParameterController.find(pe.joedayz.campus.dto.ParameterFilterDto)
03:24:49.347 [INFO ] [main] [RequestMappingHandlerMapping:534] - Mapped "{[/parameter/search]}" onto org.springframework.web.servlet.ModelAndView pe.joedayz.campus.rest.ParameterController.search() throws java.lang.Exception
03:24:49.348 [INFO ] [main] [RequestMappingHandlerMapping:534] - Mapped "{[/parameter/find/autocomplete],methods=[GET],produces=[application/json]}" onto public java.util.List<pe.joedayz.campus.dto.ParameterDto> pe.joedayz.campus.rest.ParameterController.findParameters(java.lang.String)
03:24:49.348 [INFO ] [main] [RequestMappingHandlerMapping:534] - Mapped "{[/parameter/view]}" onto org.springframework.web.servlet.ModelAndView pe.joedayz.campus.rest.ParameterController.view(java.lang.Long) throws java.lang.Exception
03:24:49.349 [INFO ] [main] [RequestMappingHandlerMapping:534] - Mapped "{[/roleApi/search/find],methods=[GET],produces=[application/json]}" onto pe.joedayz.campus.dto.PageableResult pe.joedayz.campus.rest.role.RoleApiController.find(pe.joedayz.campus.dto.RoleFilterDto)
03:24:49.349 [INFO ] [main] [RequestMappingHandlerMapping:534] - Mapped "{[/roleApi/delete],methods=[POST]}" onto public org.springframework.http.ResponseEntity<java.lang.String> pe.joedayz.campus.rest.role.RoleApiController.delete(pe.joedayz.campus.dto.RoleViewDto)
03:24:49.350 [INFO ] [main] [RequestMappingHandlerMapping:534] - Mapped "{[/roleApi/create],methods=[POST]}" onto public org.springframework.http.ResponseEntity<java.lang.String> pe.joedayz.campus.rest.role.RoleApiController.create(pe.joedayz.campus.dto.RoleViewDto)
03:24:49.351 [INFO ] [main] [RequestMappingHandlerMapping:534] - Mapped "{[/userApi/search],methods=[GET],produces=[application/json]}" onto pe.joedayz.campus.dto.PageableResult pe.joedayz.campus.rest.security.UserApiController.find(pe.joedayz.campus.dto.UserFilterDto)
03:24:49.352 [INFO ] [main] [RequestMappingHandlerMapping:534] - Mapped "{[/userApi/cleanTemps],methods=[POST]}" onto public org.springframework.http.ResponseEntity<java.lang.Long> pe.joedayz.campus.rest.security.UserApiController.clean()
03:24:49.352 [INFO ] [main] [RequestMappingHandlerMapping:534] - Mapped "{[/userApi/create],methods=[POST]}" onto public org.springframework.http.ResponseEntity<java.lang.Long> pe.joedayz.campus.rest.security.UserApiController.save(pe.joedayz.campus.dto.UserDto)
03:24:49.353 [INFO ] [main] [RequestMappingHandlerMapping:534] - Mapped "{[/userApi/updateProfile],methods=[POST]}" onto public org.springframework.http.ResponseEntity<java.lang.Long> pe.joedayz.campus.rest.security.UserApiController.updateProfile(pe.joedayz.campus.dto.UserDto)
03:24:49.353 [INFO ] [main] [RequestMappingHandlerMapping:534] - Mapped "{[/userApi/initTemps],methods=[POST]}" onto public org.springframework.http.ResponseEntity<java.lang.Long> pe.joedayz.campus.rest.security.UserApiController.initTemps(pe.joedayz.campus.dto.UserDto)
03:24:49.353 [INFO ] [main] [RequestMappingHandlerMapping:534] - Mapped "{[/userApi/searchRoles],methods=[GET],produces=[application/json]}" onto public pe.joedayz.campus.dto.PageableResult pe.joedayz.campus.rest.security.UserApiController.searchRoles()
03:24:49.354 [INFO ] [main] [RequestMappingHandlerMapping:534] - Mapped "{[/userApi/removeRole],methods=[POST],produces=[application/json]}" onto public org.springframework.http.ResponseEntity<pe.joedayz.campus.dto.JsonResult> pe.joedayz.campus.rest.security.UserApiController.removeRole(long)
03:24:49.354 [INFO ] [main] [RequestMappingHandlerMapping:534] - Mapped "{[/userApi/addRole],methods=[GET],produces=[application/json]}" onto public org.springframework.http.ResponseEntity<pe.joedayz.campus.dto.JsonResult> pe.joedayz.campus.rest.security.UserApiController.addRole(long,java.lang.String) throws java.lang.Exception
03:24:49.355 [INFO ] [main] [RequestMappingHandlerMapping:534] - Mapped "{[/security/recover],methods=[POST],produces=[application/json]}" onto public java.lang.String pe.joedayz.campus.rest.SecurityController.requestResetPassword(java.lang.String)
03:24:49.355 [INFO ] [main] [RequestMappingHandlerMapping:534] - Mapped "{[/security/reset-password],methods=[POST],produces=[application/json]}" onto public java.lang.String pe.joedayz.campus.rest.SecurityController.resetPassword(pe.joedayz.campus.dto.RecoverPasswordDto)
03:24:49.358 [INFO ] [main] [RequestMappingHandlerMapping:534] - Mapped "{[/error]}" onto public org.springframework.http.ResponseEntity<java.util.Map<java.lang.String, java.lang.Object>> org.springframework.boot.autoconfigure.web.BasicErrorController.error(javax.servlet.http.HttpServletRequest)
03:24:49.358 [INFO ] [main] [RequestMappingHandlerMapping:534] - Mapped "{[/error],produces=[text/html]}" onto public org.springframework.web.servlet.ModelAndView org.springframework.boot.autoconfigure.web.BasicErrorController.errorHtml(javax.servlet.http.HttpServletRequest,javax.servlet.http.HttpServletResponse)
03:24:49.374 [INFO ] [main] [SimpleUrlHandlerMapping:341] - Mapped URL path [/recover] onto handler of type [class org.springframework.web.servlet.mvc.ParameterizableViewController]
03:24:49.385 [INFO ] [main] [SimpleUrlHandlerMapping:341] - Mapped URL path [/webjars/**] onto handler of type [class org.springframework.web.servlet.resource.ResourceHttpRequestHandler]
03:24:49.385 [INFO ] [main] [SimpleUrlHandlerMapping:341] - Mapped URL path [/**] onto handler of type [class org.springframework.web.servlet.resource.ResourceHttpRequestHandler]
03:24:49.409 [INFO ] [main] [ExceptionHandlerExceptionResolver:268] - Detected @ExceptionHandler methods in adviceController
03:24:49.433 [INFO ] [main] [SimpleUrlHandlerMapping:341] - Mapped URL path [/**/favicon.ico] onto handler of type [class org.springframework.web.servlet.resource.ResourceHttpRequestHandler]
03:24:49.737 [INFO ] [main] [AnnotationMBeanExporter:431] - Registering beans for JMX exposure on startup
03:24:49.748 [INFO ] [main] [AnnotationMBeanExporter:912] - Bean with name 'configurationPropertiesRebinder' has been autodetected for JMX exposure
03:24:49.749 [INFO ] [main] [AnnotationMBeanExporter:912] - Bean with name 'refreshScope' has been autodetected for JMX exposure
03:24:49.750 [INFO ] [main] [AnnotationMBeanExporter:912] - Bean with name 'environmentManager' has been autodetected for JMX exposure
03:24:49.753 [INFO ] [main] [AnnotationMBeanExporter:674] - Located managed bean 'environmentManager': registering with JMX server as MBean [org.springframework.cloud.context.environment:name=environmentManager,type=EnvironmentManager]
03:24:49.767 [INFO ] [main] [AnnotationMBeanExporter:674] - Located managed bean 'refreshScope': registering with JMX server as MBean [org.springframework.cloud.context.scope.refresh:name=refreshScope,type=RefreshScope]
03:24:49.778 [INFO ] [main] [AnnotationMBeanExporter:674] - Located managed bean 'configurationPropertiesRebinder': registering with JMX server as MBean [org.springframework.cloud.context.properties:name=configurationPropertiesRebinder,context=40f70521,type=ConfigurationPropertiesRebinder]
03:24:49.828 [INFO ] [main] [Http11NioProtocol:180] - Initializing ProtocolHandler ["http-nio-8080"]
03:24:49.836 [INFO ] [main] [Http11NioProtocol:180] - Starting ProtocolHandler ["http-nio-8080"]
03:24:49.855 [INFO ] [main] [NioSelectorPool:180] - Using a shared selector for servlet write/read
03:24:49.873 [INFO ] [main] [TomcatEmbeddedServletContainer:162] - Tomcat started on port(s): 8080 (http)
03:24:49.876 [INFO ] [main] [CampusApplication:57] - Started CampusApplication in 7.583 seconds (JVM running for 8.458)
