00:37:40.058 [INFO ] [Test worker] [AbstractContextLoader:264] - Could not detect default resource locations for test class [pe.joedayz.CampusApplicationTests]: no resource found for suffixes {-context.xml, Context.groovy}.
00:37:40.123 [INFO ] [Test worker] [WebTestContextBootstrapper:260] - Loaded default TestExecutionListener class names from location [META-INF/spring.factories]: [org.springframework.boot.test.mock.mockito.MockitoTestExecutionListener, org.springframework.boot.test.mock.mockito.ResetMocksTestExecutionListener, org.springframework.boot.test.autoconfigure.AutoConfigureReportTestExecutionListener, org.springframework.boot.test.autoconfigure.restdocs.RestDocsTestExecutionListener, org.springframework.boot.test.autoconfigure.web.client.MockRestServiceServerResetTestExecutionListener, org.springframework.test.context.web.ServletTestExecutionListener, org.springframework.test.context.support.DirtiesContextBeforeModesTestExecutionListener, org.springframework.test.context.support.DependencyInjectionTestExecutionListener, org.springframework.test.context.support.DirtiesContextTestExecutionListener, org.springframework.test.context.transaction.TransactionalTestExecutionListener, org.springframework.test.context.jdbc.SqlScriptsTestExecutionListener]
00:37:40.141 [INFO ] [Test worker] [WebTestContextBootstrapper:187] - Using TestExecutionListeners: [org.springframework.test.context.web.ServletTestExecutionListener@5d7d5e70, org.springframework.test.context.support.DirtiesContextBeforeModesTestExecutionListener@7110232c, org.springframework.boot.test.autoconfigure.AutoConfigureReportTestExecutionListener@7d88fd2e, org.springframework.test.context.support.DependencyInjectionTestExecutionListener@418b9f19, org.springframework.test.context.support.DirtiesContextTestExecutionListener@7632d786, org.springframework.test.context.transaction.TransactionalTestExecutionListener@6cb832f, org.springframework.test.context.jdbc.SqlScriptsTestExecutionListener@3c906f55, org.springframework.boot.test.mock.mockito.MockitoTestExecutionListener@217e4c89, org.springframework.boot.test.mock.mockito.ResetMocksTestExecutionListener@419031c7, org.springframework.boot.test.autoconfigure.restdocs.RestDocsTestExecutionListener@1b180021, org.springframework.boot.test.autoconfigure.web.client.MockRestServiceServerResetTestExecutionListener@244d3ed0]
00:40:09.517 [INFO ] [Test worker] [AbstractContextLoader:264] - Could not detect default resource locations for test class [pe.joedayz.CampusApplicationTests]: no resource found for suffixes {-context.xml, Context.groovy}.
00:40:09.566 [INFO ] [Test worker] [WebTestContextBootstrapper:260] - Loaded default TestExecutionListener class names from location [META-INF/spring.factories]: [org.springframework.boot.test.mock.mockito.MockitoTestExecutionListener, org.springframework.boot.test.mock.mockito.ResetMocksTestExecutionListener, org.springframework.boot.test.autoconfigure.AutoConfigureReportTestExecutionListener, org.springframework.boot.test.autoconfigure.restdocs.RestDocsTestExecutionListener, org.springframework.boot.test.autoconfigure.web.client.MockRestServiceServerResetTestExecutionListener, org.springframework.test.context.web.ServletTestExecutionListener, org.springframework.test.context.support.DirtiesContextBeforeModesTestExecutionListener, org.springframework.test.context.support.DependencyInjectionTestExecutionListener, org.springframework.test.context.support.DirtiesContextTestExecutionListener, org.springframework.test.context.transaction.TransactionalTestExecutionListener, org.springframework.test.context.jdbc.SqlScriptsTestExecutionListener]
00:40:09.585 [INFO ] [Test worker] [WebTestContextBootstrapper:187] - Using TestExecutionListeners: [org.springframework.test.context.web.ServletTestExecutionListener@65c26305, org.springframework.test.context.support.DirtiesContextBeforeModesTestExecutionListener@6251a34c, org.springframework.boot.test.autoconfigure.AutoConfigureReportTestExecutionListener@12412878, org.springframework.test.context.support.DependencyInjectionTestExecutionListener@c8651c6, org.springframework.test.context.support.DirtiesContextTestExecutionListener@7aaad118, org.springframework.test.context.transaction.TransactionalTestExecutionListener@150e56c2, org.springframework.test.context.jdbc.SqlScriptsTestExecutionListener@e17aef3, org.springframework.boot.test.autoconfigure.restdocs.RestDocsTestExecutionListener@30a1d696, org.springframework.boot.test.mock.mockito.ResetMocksTestExecutionListener@1cafe38b, org.springframework.boot.test.mock.mockito.MockitoTestExecutionListener@7bf01e9a, org.springframework.boot.test.autoconfigure.web.client.MockRestServiceServerResetTestExecutionListener@48a35721]
00:52:26.647 [INFO ] [main] [CampusApplication:48] - Starting CampusApplication on Joses-MacBook-Pro.local with PID 24487 (/Users/josediaz/Projects/campusfrontend/build/classes/main started by josediaz in /Users/josediaz/Projects/campusfrontend)
00:52:26.654 [DEBUG] [main] [CampusApplication:51] - Running with Spring Boot v1.4.0.RELEASE, Spring v4.3.2.RELEASE
00:52:26.657 [INFO ] [main] [CampusApplication:659] - No active profile set, falling back to default profiles: default
00:52:27.029 [INFO ] [background-preinit] [Version:30] - HV000001: Hibernate Validator 5.2.4.Final
00:52:27.140 [INFO ] [main] [AnnotationConfigEmbeddedWebApplicationContext:581] - Refreshing org.springframework.boot.context.embedded.AnnotationConfigEmbeddedWebApplicationContext@3541cb24: startup date [Sat Sep 03 00:52:27 PET 2016]; root of context hierarchy
00:52:27.414 [WARN ] [main] [AnnotationConfigEmbeddedWebApplicationContext:549] - Exception encountered during context initialization - cancelling refresh attempt: org.springframework.beans.factory.BeanDefinitionStoreException: Failed to parse configuration class [pe.joedayz.campus.CampusApplication]; nested exception is org.springframework.context.annotation.ConflictingBeanDefinitionException: Annotation-specified bean name 'userController' for bean class [pe.joedayz.campus.rest.UserController] conflicts with existing, non-compatible bean definition of same name and class [pe.joedayz.campus.controller.security.UserController]
00:52:27.432 [ERROR] [main] [SpringApplication:838] - Application startup failed
org.springframework.beans.factory.BeanDefinitionStoreException: Failed to parse configuration class [pe.joedayz.campus.CampusApplication]; nested exception is org.springframework.context.annotation.ConflictingBeanDefinitionException: Annotation-specified bean name 'userController' for bean class [pe.joedayz.campus.rest.UserController] conflicts with existing, non-compatible bean definition of same name and class [pe.joedayz.campus.controller.security.UserController]
	at org.springframework.context.annotation.ConfigurationClassParser.parse(ConfigurationClassParser.java:187)
	at org.springframework.context.annotation.ConfigurationClassPostProcessor.processConfigBeanDefinitions(ConfigurationClassPostProcessor.java:321)
	at org.springframework.context.annotation.ConfigurationClassPostProcessor.postProcessBeanDefinitionRegistry(ConfigurationClassPostProcessor.java:243)
	at org.springframework.context.support.PostProcessorRegistrationDelegate.invokeBeanDefinitionRegistryPostProcessors(PostProcessorRegistrationDelegate.java:273)
	at org.springframework.context.support.PostProcessorRegistrationDelegate.invokeBeanFactoryPostProcessors(PostProcessorRegistrationDelegate.java:98)
	at org.springframework.context.support.AbstractApplicationContext.invokeBeanFactoryPostProcessors(AbstractApplicationContext.java:681)
	at org.springframework.context.support.AbstractApplicationContext.refresh(AbstractApplicationContext.java:523)
	at org.springframework.boot.context.embedded.EmbeddedWebApplicationContext.refresh(EmbeddedWebApplicationContext.java:122)
	at org.springframework.boot.SpringApplication.refresh(SpringApplication.java:759)
	at org.springframework.boot.SpringApplication.refreshContext(SpringApplication.java:369)
	at org.springframework.boot.SpringApplication.run(SpringApplication.java:313)
	at org.springframework.boot.SpringApplication.run(SpringApplication.java:1185)
	at org.springframework.boot.SpringApplication.run(SpringApplication.java:1174)
	at pe.joedayz.campus.CampusApplication.main(CampusApplication.java:12)
	at sun.reflect.NativeMethodAccessorImpl.invoke0(Native Method)
	at sun.reflect.NativeMethodAccessorImpl.invoke(NativeMethodAccessorImpl.java:62)
	at sun.reflect.DelegatingMethodAccessorImpl.invoke(DelegatingMethodAccessorImpl.java:43)
	at java.lang.reflect.Method.invoke(Method.java:497)
	at com.intellij.rt.execution.application.AppMain.main(AppMain.java:147)
Caused by: org.springframework.context.annotation.ConflictingBeanDefinitionException: Annotation-specified bean name 'userController' for bean class [pe.joedayz.campus.rest.UserController] conflicts with existing, non-compatible bean definition of same name and class [pe.joedayz.campus.controller.security.UserController]
	at org.springframework.context.annotation.ClassPathBeanDefinitionScanner.checkCandidate(ClassPathBeanDefinitionScanner.java:320)
	at org.springframework.context.annotation.ClassPathBeanDefinitionScanner.doScan(ClassPathBeanDefinitionScanner.java:259)
	at org.springframework.context.annotation.ComponentScanAnnotationParser.parse(ComponentScanAnnotationParser.java:144)
	at org.springframework.context.annotation.ConfigurationClassParser.doProcessConfigurationClass(ConfigurationClassParser.java:275)
	at org.springframework.context.annotation.ConfigurationClassParser.processConfigurationClass(ConfigurationClassParser.java:237)
	at org.springframework.context.annotation.ConfigurationClassParser.parse(ConfigurationClassParser.java:204)
	at org.springframework.context.annotation.ConfigurationClassParser.parse(ConfigurationClassParser.java:173)
	... 18 common frames omitted
00:56:38.944 [INFO ] [main] [CampusApplication:48] - Starting CampusApplication on Joses-MacBook-Pro.local with PID 24579 (/Users/josediaz/Projects/campusfrontend/build/classes/main started by josediaz in /Users/josediaz/Projects/campusfrontend)
00:56:38.948 [DEBUG] [main] [CampusApplication:51] - Running with Spring Boot v1.4.0.RELEASE, Spring v4.3.2.RELEASE
00:56:38.948 [INFO ] [main] [CampusApplication:659] - No active profile set, falling back to default profiles: default
00:56:39.286 [INFO ] [background-preinit] [Version:30] - HV000001: Hibernate Validator 5.2.4.Final
00:56:39.308 [INFO ] [main] [AnnotationConfigEmbeddedWebApplicationContext:581] - Refreshing org.springframework.boot.context.embedded.AnnotationConfigEmbeddedWebApplicationContext@3541cb24: startup date [Sat Sep 03 00:56:39 PET 2016]; root of context hierarchy
00:56:40.754 [INFO ] [main] [PostProcessorRegistrationDelegate$BeanPostProcessorChecker:328] - Bean 'org.springframework.transaction.annotation.ProxyTransactionManagementConfiguration' of type [class org.springframework.transaction.annotation.ProxyTransactionManagementConfiguration$$EnhancerBySpringCGLIB$$6979ab71] is not eligible for getting processed by all BeanPostProcessors (for example: not eligible for auto-proxying)
00:56:41.338 [INFO ] [main] [TomcatEmbeddedServletContainer:88] - Tomcat initialized with port(s): 8080 (http)
00:56:41.361 [INFO ] [main] [StandardService:179] - Starting service Tomcat
00:56:41.362 [INFO ] [main] [StandardEngine:179] - Starting Servlet Engine: Apache Tomcat/8.5.4
00:56:41.469 [INFO ] [localhost-startStop-1] [[/]:179] - Initializing Spring embedded WebApplicationContext
00:56:41.469 [INFO ] [localhost-startStop-1] [ContextLoader:276] - Root WebApplicationContext: initialization completed in 2161 ms
00:56:41.714 [INFO ] [localhost-startStop-1] [FilterRegistrationBean:258] - Mapping filter: 'characterEncodingFilter' to: [/*]
00:56:41.714 [INFO ] [localhost-startStop-1] [FilterRegistrationBean:258] - Mapping filter: 'hiddenHttpMethodFilter' to: [/*]
00:56:41.715 [INFO ] [localhost-startStop-1] [FilterRegistrationBean:258] - Mapping filter: 'httpPutFormContentFilter' to: [/*]
00:56:41.715 [INFO ] [localhost-startStop-1] [FilterRegistrationBean:258] - Mapping filter: 'requestContextFilter' to: [/*]
00:56:41.718 [INFO ] [localhost-startStop-1] [DelegatingFilterProxyRegistrationBean:258] - Mapping filter: 'springSecurityFilterChain' to: [/*]
00:56:41.718 [INFO ] [localhost-startStop-1] [ServletRegistrationBean:190] - Mapping servlet: 'dispatcherServlet' to [/]
00:56:42.144 [WARN ] [main] [AnnotationConfigEmbeddedWebApplicationContext:549] - Exception encountered during context initialization - cancelling refresh attempt: org.springframework.beans.factory.BeanCreationException: Error creating bean with name 'indexController': Injection of autowired dependencies failed; nested exception is java.lang.IllegalArgumentException: Could not resolve placeholder 'spring.sessionTimeOutMinutes' in string value "${spring.sessionTimeOutMinutes}"
00:56:42.147 [INFO ] [main] [StandardService:179] - Stopping service Tomcat
00:56:42.160 [WARN ] [main] [SpringApplication:91] - Error handling failed (Error creating bean with name 'delegatingApplicationListener' defined in class path resource [org/springframework/security/config/annotation/web/configuration/WebSecurityConfiguration.class]: Initialization of bean failed; nested exception is org.springframework.beans.factory.BeanCreationException: Error creating bean with name 'org.springframework.transaction.annotation.ProxyTransactionManagementConfiguration': Initialization of bean failed; nested exception is org.springframework.beans.factory.NoSuchBeanDefinitionException: No bean named 'org.springframework.context.annotation.ConfigurationClassPostProcessor.importRegistry' is defined)
00:56:42.174 [ERROR] [main] [SpringApplication:838] - Application startup failed
org.springframework.beans.factory.BeanCreationException: Error creating bean with name 'indexController': Injection of autowired dependencies failed; nested exception is java.lang.IllegalArgumentException: Could not resolve placeholder 'spring.sessionTimeOutMinutes' in string value "${spring.sessionTimeOutMinutes}"
	at org.springframework.beans.factory.annotation.AutowiredAnnotationBeanPostProcessor.postProcessPropertyValues(AutowiredAnnotationBeanPostProcessor.java:355)
	at org.springframework.beans.factory.support.AbstractAutowireCapableBeanFactory.populateBean(AbstractAutowireCapableBeanFactory.java:1214)
	at org.springframework.beans.factory.support.AbstractAutowireCapableBeanFactory.doCreateBean(AbstractAutowireCapableBeanFactory.java:543)
	at org.springframework.beans.factory.support.AbstractAutowireCapableBeanFactory.createBean(AbstractAutowireCapableBeanFactory.java:482)
	at org.springframework.beans.factory.support.AbstractBeanFactory$1.getObject(AbstractBeanFactory.java:306)
	at org.springframework.beans.factory.support.DefaultSingletonBeanRegistry.getSingleton(DefaultSingletonBeanRegistry.java:230)
	at org.springframework.beans.factory.support.AbstractBeanFactory.doGetBean(AbstractBeanFactory.java:302)
	at org.springframework.beans.factory.support.AbstractBeanFactory.getBean(AbstractBeanFactory.java:197)
	at org.springframework.beans.factory.support.DefaultListableBeanFactory.preInstantiateSingletons(DefaultListableBeanFactory.java:776)
	at org.springframework.context.support.AbstractApplicationContext.finishBeanFactoryInitialization(AbstractApplicationContext.java:861)
	at org.springframework.context.support.AbstractApplicationContext.refresh(AbstractApplicationContext.java:541)
	at org.springframework.boot.context.embedded.EmbeddedWebApplicationContext.refresh(EmbeddedWebApplicationContext.java:122)
	at org.springframework.boot.SpringApplication.refresh(SpringApplication.java:759)
	at org.springframework.boot.SpringApplication.refreshContext(SpringApplication.java:369)
	at org.springframework.boot.SpringApplication.run(SpringApplication.java:313)
	at org.springframework.boot.SpringApplication.run(SpringApplication.java:1185)
	at org.springframework.boot.SpringApplication.run(SpringApplication.java:1174)
	at pe.joedayz.campus.CampusApplication.main(CampusApplication.java:12)
	at sun.reflect.NativeMethodAccessorImpl.invoke0(Native Method)
	at sun.reflect.NativeMethodAccessorImpl.invoke(NativeMethodAccessorImpl.java:62)
	at sun.reflect.DelegatingMethodAccessorImpl.invoke(DelegatingMethodAccessorImpl.java:43)
	at java.lang.reflect.Method.invoke(Method.java:497)
	at com.intellij.rt.execution.application.AppMain.main(AppMain.java:147)
Caused by: java.lang.IllegalArgumentException: Could not resolve placeholder 'spring.sessionTimeOutMinutes' in string value "${spring.sessionTimeOutMinutes}"
	at org.springframework.util.PropertyPlaceholderHelper.parseStringValue(PropertyPlaceholderHelper.java:174)
	at org.springframework.util.PropertyPlaceholderHelper.replacePlaceholders(PropertyPlaceholderHelper.java:126)
	at org.springframework.core.env.AbstractPropertyResolver.doResolvePlaceholders(AbstractPropertyResolver.java:219)
	at org.springframework.core.env.AbstractPropertyResolver.resolveRequiredPlaceholders(AbstractPropertyResolver.java:193)
	at org.springframework.context.support.PropertySourcesPlaceholderConfigurer$2.resolveStringValue(PropertySourcesPlaceholderConfigurer.java:172)
	at org.springframework.beans.factory.support.AbstractBeanFactory.resolveEmbeddedValue(AbstractBeanFactory.java:813)
	at org.springframework.beans.factory.support.DefaultListableBeanFactory.doResolveDependency(DefaultListableBeanFactory.java:1039)
	at org.springframework.beans.factory.support.DefaultListableBeanFactory.resolveDependency(DefaultListableBeanFactory.java:1019)
	at org.springframework.beans.factory.annotation.AutowiredAnnotationBeanPostProcessor$AutowiredFieldElement.inject(AutowiredAnnotationBeanPostProcessor.java:566)
	at org.springframework.beans.factory.annotation.InjectionMetadata.inject(InjectionMetadata.java:88)
	at org.springframework.beans.factory.annotation.AutowiredAnnotationBeanPostProcessor.postProcessPropertyValues(AutowiredAnnotationBeanPostProcessor.java:349)
	... 22 common frames omitted
00:59:03.181 [INFO ] [main] [CampusApplication:48] - Starting CampusApplication on Joses-MacBook-Pro.local with PID 24616 (/Users/josediaz/Projects/campusfrontend/build/classes/main started by josediaz in /Users/josediaz/Projects/campusfrontend)
00:59:03.195 [DEBUG] [main] [CampusApplication:51] - Running with Spring Boot v1.4.0.RELEASE, Spring v4.3.2.RELEASE
00:59:03.196 [INFO ] [main] [CampusApplication:659] - No active profile set, falling back to default profiles: default
00:59:03.678 [INFO ] [background-preinit] [Version:30] - HV000001: Hibernate Validator 5.2.4.Final
00:59:03.902 [INFO ] [main] [AnnotationConfigEmbeddedWebApplicationContext:581] - Refreshing org.springframework.boot.context.embedded.AnnotationConfigEmbeddedWebApplicationContext@2892dae4: startup date [Sat Sep 03 00:59:03 PET 2016]; root of context hierarchy
00:59:05.334 [INFO ] [main] [PostProcessorRegistrationDelegate$BeanPostProcessorChecker:328] - Bean 'org.springframework.transaction.annotation.ProxyTransactionManagementConfiguration' of type [class org.springframework.transaction.annotation.ProxyTransactionManagementConfiguration$$EnhancerBySpringCGLIB$$89f84d6d] is not eligible for getting processed by all BeanPostProcessors (for example: not eligible for auto-proxying)
00:59:05.845 [INFO ] [main] [TomcatEmbeddedServletContainer:88] - Tomcat initialized with port(s): 8080 (http)
00:59:05.860 [INFO ] [main] [StandardService:179] - Starting service Tomcat
00:59:05.866 [INFO ] [main] [StandardEngine:179] - Starting Servlet Engine: Apache Tomcat/8.5.4
00:59:05.972 [INFO ] [localhost-startStop-1] [[/]:179] - Initializing Spring embedded WebApplicationContext
00:59:05.972 [INFO ] [localhost-startStop-1] [ContextLoader:276] - Root WebApplicationContext: initialization completed in 2070 ms
00:59:06.196 [INFO ] [localhost-startStop-1] [FilterRegistrationBean:258] - Mapping filter: 'characterEncodingFilter' to: [/*]
00:59:06.196 [INFO ] [localhost-startStop-1] [FilterRegistrationBean:258] - Mapping filter: 'hiddenHttpMethodFilter' to: [/*]
00:59:06.197 [INFO ] [localhost-startStop-1] [FilterRegistrationBean:258] - Mapping filter: 'httpPutFormContentFilter' to: [/*]
00:59:06.197 [INFO ] [localhost-startStop-1] [FilterRegistrationBean:258] - Mapping filter: 'requestContextFilter' to: [/*]
00:59:06.198 [INFO ] [localhost-startStop-1] [DelegatingFilterProxyRegistrationBean:258] - Mapping filter: 'springSecurityFilterChain' to: [/*]
00:59:06.199 [INFO ] [localhost-startStop-1] [ServletRegistrationBean:190] - Mapping servlet: 'dispatcherServlet' to [/]
00:59:06.848 [INFO ] [main] [RequestMappingHandlerAdapter:534] - Looking for @ControllerAdvice: org.springframework.boot.context.embedded.AnnotationConfigEmbeddedWebApplicationContext@2892dae4: startup date [Sat Sep 03 00:59:03 PET 2016]; root of context hierarchy
00:59:06.923 [INFO ] [main] [RequestMappingHandlerMapping:543] - Mapped "{[/]}" onto org.springframework.web.servlet.ModelAndView pe.joedayz.campus.controller.IndexController.index()
00:59:06.925 [INFO ] [main] [RequestMappingHandlerMapping:543] - Mapped "{[/kendo/index]}" onto java.lang.String pe.joedayz.campus.controller.KendoController.index()
00:59:06.925 [INFO ] [main] [RequestMappingHandlerMapping:543] - Mapped "{[/kendo/grid]}" onto java.lang.String pe.joedayz.campus.controller.KendoController.grid()
00:59:06.926 [INFO ] [main] [RequestMappingHandlerMapping:543] - Mapped "{[/login]}" onto org.springframework.web.servlet.ModelAndView pe.joedayz.campus.controller.LoginController.index()
00:59:06.927 [INFO ] [main] [RequestMappingHandlerMapping:543] - Mapped "{[/main/index]}" onto java.lang.String pe.joedayz.campus.controller.MainController.index()
00:59:06.928 [INFO ] [main] [RequestMappingHandlerMapping:543] - Mapped "{[/minor/index]}" onto java.lang.String pe.joedayz.campus.controller.MinorController.index()
00:59:06.930 [INFO ] [main] [RequestMappingHandlerMapping:543] - Mapped "{[/ping/poke]}" onto public org.springframework.http.ResponseEntity<java.lang.String> pe.joedayz.campus.controller.PingController.poke()
00:59:06.930 [INFO ] [main] [RequestMappingHandlerMapping:543] - Mapped "{[/reset-password]}" onto org.springframework.web.servlet.ModelAndView pe.joedayz.campus.controller.ResetPasswordController.index()
00:59:06.932 [INFO ] [main] [RequestMappingHandlerMapping:543] - Mapped "{[/curso/novedades]}" onto public org.springframework.web.servlet.ModelAndView pe.joedayz.campus.controller.curso.CursoController.novedades() throws java.lang.Exception
00:59:06.932 [INFO ] [main] [RequestMappingHandlerMapping:543] - Mapped "{[/curso/contenido/{key}]}" onto public org.springframework.web.servlet.ModelAndView pe.joedayz.campus.controller.curso.CursoController.contenido(java.lang.String) throws java.lang.Exception
00:59:06.934 [INFO ] [main] [RequestMappingHandlerMapping:543] - Mapped "{[/role/search]}" onto org.springframework.web.servlet.ModelAndView pe.joedayz.campus.controller.role.RoleController.index() throws java.lang.Exception
00:59:06.934 [INFO ] [main] [RequestMappingHandlerMapping:543] - Mapped "{[/role/new]}" onto org.springframework.web.servlet.ModelAndView pe.joedayz.campus.controller.role.RoleController.create() throws com.fasterxml.jackson.core.JsonProcessingException
00:59:06.935 [INFO ] [main] [RequestMappingHandlerMapping:543] - Mapped "{[/role/edit]}" onto org.springframework.web.servlet.ModelAndView pe.joedayz.campus.controller.role.RoleController.roleEdit(java.lang.Long) throws java.lang.Exception
00:59:06.943 [INFO ] [main] [RequestMappingHandlerMapping:543] - Mapped "{[/user/search]}" onto org.springframework.web.servlet.ModelAndView pe.joedayz.campus.controller.security.UserController.index() throws java.lang.Exception
00:59:06.943 [INFO ] [main] [RequestMappingHandlerMapping:543] - Mapped "{[/user/new]}" onto org.springframework.web.servlet.ModelAndView pe.joedayz.campus.controller.security.UserController.init() throws java.lang.Exception
00:59:06.944 [INFO ] [main] [RequestMappingHandlerMapping:543] - Mapped "{[/user/edit]}" onto public org.springframework.web.servlet.ModelAndView pe.joedayz.campus.controller.security.UserController.edit(java.lang.Long) throws com.fasterxml.jackson.core.JsonProcessingException
00:59:06.944 [INFO ] [main] [RequestMappingHandlerMapping:543] - Mapped "{[/user/profile]}" onto public org.springframework.web.servlet.ModelAndView pe.joedayz.campus.controller.security.UserController.editProfile() throws com.fasterxml.jackson.core.JsonProcessingException
00:59:06.944 [INFO ] [main] [RequestMappingHandlerMapping:543] - Mapped "{[/user/find],methods=[GET],produces=[application/json]}" onto public pe.joedayz.campus.dto.UserDto pe.joedayz.campus.controller.security.UserController.findByUsername(java.lang.String)
00:59:06.945 [INFO ] [main] [RequestMappingHandlerMapping:543] - Mapped "{[/user/find/autocomplete/pricinganalyst],methods=[GET],produces=[application/json]}" onto public java.util.List<pe.joedayz.campus.dto.UserViewDto> pe.joedayz.campus.controller.security.UserController.findPricingAnaLystOld(java.lang.String)
00:59:06.945 [INFO ] [main] [RequestMappingHandlerMapping:543] - Mapped "{[/user/find/autocompletePricingAnalyst],methods=[GET],produces=[application/json]}" onto public java.util.List<pe.joedayz.campus.dto.UserViewDto> pe.joedayz.campus.controller.security.UserController.findPricingAnalyst(java.lang.String)
00:59:06.945 [INFO ] [main] [RequestMappingHandlerMapping:543] - Mapped "{[/user/find/autocomplete/commercialaccount],methods=[GET],produces=[application/json]}" onto public java.util.List<pe.joedayz.campus.dto.UserDto> pe.joedayz.campus.controller.security.UserController.findCommercialAccount(java.lang.String)
00:59:06.946 [INFO ] [main] [RequestMappingHandlerMapping:543] - Mapped "{[/user/find/autocomplete/commercialrep],methods=[GET],produces=[application/json]}" onto public java.util.List<pe.joedayz.campus.dto.UserDto> pe.joedayz.campus.controller.security.UserController.findCommercialRep(java.lang.String)
00:59:06.947 [INFO ] [main] [RequestMappingHandlerMapping:543] - Mapped "{[/backend/post/**],methods=[POST],produces=[application/json]}" onto public java.lang.String pe.joedayz.campus.rest.BackendController.mirrorRest(java.lang.String,org.springframework.http.HttpMethod,javax.servlet.http.HttpServletRequest,javax.servlet.http.HttpServletResponse) throws java.net.URISyntaxException
00:59:06.947 [INFO ] [main] [RequestMappingHandlerMapping:543] - Mapped "{[/backend/get/**],produces=[application/json]}" onto public java.lang.String pe.joedayz.campus.rest.BackendController.mirrorRest(org.springframework.http.HttpMethod,javax.servlet.http.HttpServletRequest,javax.servlet.http.HttpServletResponse) throws java.net.URISyntaxException
00:59:06.948 [INFO ] [main] [RequestMappingHandlerMapping:543] - Mapped "{[/generalTable/search/find],methods=[GET],produces=[application/json]}" onto pe.joedayz.campus.dto.PageableResult pe.joedayz.campus.rest.GeneralTableController.find(pe.joedayz.campus.dto.GeneralTableFilterDto)
00:59:06.949 [INFO ] [main] [RequestMappingHandlerMapping:543] - Mapped "{[/generalTable/search]}" onto org.springframework.web.servlet.ModelAndView pe.joedayz.campus.rest.GeneralTableController.search() throws java.lang.Exception
00:59:06.949 [INFO ] [main] [RequestMappingHandlerMapping:543] - Mapped "{[/generalTable/view]}" onto org.springframework.web.servlet.ModelAndView pe.joedayz.campus.rest.GeneralTableController.view(java.lang.Long) throws com.fasterxml.jackson.core.JsonProcessingException
00:59:06.950 [INFO ] [main] [RequestMappingHandlerMapping:543] - Mapped "{[/generalTable/new]}" onto org.springframework.web.servlet.ModelAndView pe.joedayz.campus.rest.GeneralTableController.newGeneralTable() throws com.fasterxml.jackson.core.JsonProcessingException
00:59:06.951 [INFO ] [main] [RequestMappingHandlerMapping:543] - Mapped "{[/module/search/find],methods=[GET],produces=[application/json]}" onto pe.joedayz.campus.dto.PageableResult pe.joedayz.campus.rest.ModuleController.find(pe.joedayz.campus.dto.ModuleFilterDto)
00:59:06.951 [INFO ] [main] [RequestMappingHandlerMapping:543] - Mapped "{[/module/search]}" onto org.springframework.web.servlet.ModelAndView pe.joedayz.campus.rest.ModuleController.search() throws java.lang.Exception
00:59:06.952 [INFO ] [main] [RequestMappingHandlerMapping:543] - Mapped "{[/module/view]}" onto org.springframework.web.servlet.ModelAndView pe.joedayz.campus.rest.ModuleController.view(java.lang.Long) throws java.lang.Exception
00:59:06.953 [INFO ] [main] [RequestMappingHandlerMapping:543] - Mapped "{[/parameter/search/find],methods=[GET],produces=[application/json]}" onto pe.joedayz.campus.dto.PageableResult pe.joedayz.campus.rest.ParameterController.find(pe.joedayz.campus.dto.ParameterFilterDto)
00:59:06.954 [INFO ] [main] [RequestMappingHandlerMapping:543] - Mapped "{[/parameter/search]}" onto org.springframework.web.servlet.ModelAndView pe.joedayz.campus.rest.ParameterController.search() throws java.lang.Exception
00:59:06.955 [INFO ] [main] [RequestMappingHandlerMapping:543] - Mapped "{[/parameter/view]}" onto org.springframework.web.servlet.ModelAndView pe.joedayz.campus.rest.ParameterController.view(java.lang.Long) throws java.lang.Exception
00:59:06.955 [INFO ] [main] [RequestMappingHandlerMapping:543] - Mapped "{[/parameter/find/autocomplete],methods=[GET],produces=[application/json]}" onto public java.util.List<pe.joedayz.campus.dto.ParameterDto> pe.joedayz.campus.rest.ParameterController.findParameters(java.lang.String)
00:59:06.956 [INFO ] [main] [RequestMappingHandlerMapping:543] - Mapped "{[/security/reset-password],methods=[POST],produces=[application/json]}" onto public java.lang.String pe.joedayz.campus.rest.SecurityController.resetPassword(pe.joedayz.campus.dto.RecoverPasswordDto)
00:59:06.956 [INFO ] [main] [RequestMappingHandlerMapping:543] - Mapped "{[/security/recover],methods=[POST],produces=[application/json]}" onto public java.lang.String pe.joedayz.campus.rest.SecurityController.requestResetPassword(java.lang.String)
00:59:06.958 [INFO ] [main] [RequestMappingHandlerMapping:543] - Mapped "{[/cursoApi/temasDisponibles],methods=[GET],produces=[application/json]}" onto java.util.List<pe.joedayz.campus.dto.TemasCursoDto> pe.joedayz.campus.rest.curso.CursoApiController.find(java.lang.String)
00:59:06.959 [INFO ] [main] [RequestMappingHandlerMapping:543] - Mapped "{[/roleApi/search/find],methods=[GET],produces=[application/json]}" onto pe.joedayz.campus.dto.PageableResult pe.joedayz.campus.rest.role.RoleApiController.find(pe.joedayz.campus.dto.RoleFilterDto)
00:59:06.959 [INFO ] [main] [RequestMappingHandlerMapping:543] - Mapped "{[/roleApi/delete],methods=[POST]}" onto public org.springframework.http.ResponseEntity<java.lang.String> pe.joedayz.campus.rest.role.RoleApiController.delete(pe.joedayz.campus.dto.RoleViewDto)
00:59:06.960 [INFO ] [main] [RequestMappingHandlerMapping:543] - Mapped "{[/roleApi/create],methods=[POST]}" onto public org.springframework.http.ResponseEntity<java.lang.String> pe.joedayz.campus.rest.role.RoleApiController.create(pe.joedayz.campus.dto.RoleViewDto)
00:59:06.961 [INFO ] [main] [RequestMappingHandlerMapping:543] - Mapped "{[/userApi/search],methods=[GET],produces=[application/json]}" onto pe.joedayz.campus.dto.PageableResult pe.joedayz.campus.rest.security.UserApiController.find(pe.joedayz.campus.dto.UserFilterDto)
00:59:06.962 [INFO ] [main] [RequestMappingHandlerMapping:543] - Mapped "{[/userApi/cleanTemps],methods=[POST]}" onto public org.springframework.http.ResponseEntity<java.lang.Long> pe.joedayz.campus.rest.security.UserApiController.clean()
00:59:06.962 [INFO ] [main] [RequestMappingHandlerMapping:543] - Mapped "{[/userApi/create],methods=[POST]}" onto public org.springframework.http.ResponseEntity<java.lang.Long> pe.joedayz.campus.rest.security.UserApiController.save(pe.joedayz.campus.dto.UserDto)
00:59:06.963 [INFO ] [main] [RequestMappingHandlerMapping:543] - Mapped "{[/userApi/addRole],methods=[GET],produces=[application/json]}" onto public org.springframework.http.ResponseEntity<pe.joedayz.campus.dto.JsonResult> pe.joedayz.campus.rest.security.UserApiController.addRole(long,java.lang.String) throws java.lang.Exception
00:59:06.963 [INFO ] [main] [RequestMappingHandlerMapping:543] - Mapped "{[/userApi/updateProfile],methods=[POST]}" onto public org.springframework.http.ResponseEntity<java.lang.Long> pe.joedayz.campus.rest.security.UserApiController.updateProfile(pe.joedayz.campus.dto.UserDto)
00:59:06.964 [INFO ] [main] [RequestMappingHandlerMapping:543] - Mapped "{[/userApi/initTemps],methods=[POST]}" onto public org.springframework.http.ResponseEntity<java.lang.Long> pe.joedayz.campus.rest.security.UserApiController.initTemps(pe.joedayz.campus.dto.UserDto)
00:59:06.964 [INFO ] [main] [RequestMappingHandlerMapping:543] - Mapped "{[/userApi/searchRoles],methods=[GET],produces=[application/json]}" onto public pe.joedayz.campus.dto.PageableResult pe.joedayz.campus.rest.security.UserApiController.searchRoles()
00:59:06.965 [INFO ] [main] [RequestMappingHandlerMapping:543] - Mapped "{[/userApi/removeRole],methods=[POST],produces=[application/json]}" onto public org.springframework.http.ResponseEntity<pe.joedayz.campus.dto.JsonResult> pe.joedayz.campus.rest.security.UserApiController.removeRole(long)
00:59:06.969 [INFO ] [main] [RequestMappingHandlerMapping:543] - Mapped "{[/error]}" onto public org.springframework.http.ResponseEntity<java.util.Map<java.lang.String, java.lang.Object>> org.springframework.boot.autoconfigure.web.BasicErrorController.error(javax.servlet.http.HttpServletRequest)
00:59:06.971 [INFO ] [main] [RequestMappingHandlerMapping:543] - Mapped "{[/error],produces=[text/html]}" onto public org.springframework.web.servlet.ModelAndView org.springframework.boot.autoconfigure.web.BasicErrorController.errorHtml(javax.servlet.http.HttpServletRequest,javax.servlet.http.HttpServletResponse)
00:59:06.987 [INFO ] [main] [SimpleUrlHandlerMapping:354] - Mapped URL path [/recover] onto handler of type [class org.springframework.web.servlet.mvc.ParameterizableViewController]
00:59:07.000 [INFO ] [main] [SimpleUrlHandlerMapping:354] - Mapped URL path [/webjars/**] onto handler of type [class org.springframework.web.servlet.resource.ResourceHttpRequestHandler]
00:59:07.000 [INFO ] [main] [SimpleUrlHandlerMapping:354] - Mapped URL path [/**] onto handler of type [class org.springframework.web.servlet.resource.ResourceHttpRequestHandler]
00:59:07.022 [INFO ] [main] [ExceptionHandlerExceptionResolver:269] - Detected @ExceptionHandler methods in adviceController
00:59:07.045 [INFO ] [main] [SimpleUrlHandlerMapping:354] - Mapped URL path [/**/favicon.ico] onto handler of type [class org.springframework.web.servlet.resource.ResourceHttpRequestHandler]
00:59:08.495 [INFO ] [main] [AuthenticationManagerConfiguration:169] - 

Using default security password: 544d483c-d46c-431d-bd01-0f5227ca3ea0

00:59:08.503 [INFO ] [main] [DefaultSecurityFilterChain:43] - Creating filter chain: Ant [pattern='/css/**'], []
00:59:08.503 [INFO ] [main] [DefaultSecurityFilterChain:43] - Creating filter chain: Ant [pattern='/js/**'], []
00:59:08.504 [INFO ] [main] [DefaultSecurityFilterChain:43] - Creating filter chain: Ant [pattern='/images/**'], []
00:59:08.504 [INFO ] [main] [DefaultSecurityFilterChain:43] - Creating filter chain: Ant [pattern='/webjars/**'], []
00:59:08.504 [INFO ] [main] [DefaultSecurityFilterChain:43] - Creating filter chain: Ant [pattern='/**/favicon.ico'], []
00:59:08.504 [INFO ] [main] [DefaultSecurityFilterChain:43] - Creating filter chain: Ant [pattern='/error'], []
00:59:08.604 [INFO ] [main] [DefaultSecurityFilterChain:43] - Creating filter chain: org.springframework.security.web.util.matcher.AnyRequestMatcher@1, [org.springframework.security.web.context.request.async.WebAsyncManagerIntegrationFilter@3c3820bb, org.springframework.security.web.context.SecurityContextPersistenceFilter@8d8f754, org.springframework.security.web.header.HeaderWriterFilter@571a01f9, org.springframework.security.web.authentication.logout.LogoutFilter@65f651eb, org.springframework.security.web.authentication.UsernamePasswordAuthenticationFilter@806996, org.springframework.security.web.savedrequest.RequestCacheAwareFilter@25673087, org.springframework.security.web.servletapi.SecurityContextHolderAwareRequestFilter@2c88a3e8, org.springframework.security.web.authentication.rememberme.RememberMeAuthenticationFilter@21ba2445, org.springframework.security.web.authentication.AnonymousAuthenticationFilter@376c7d7d, org.springframework.security.web.session.SessionManagementFilter@5e0ec41f, org.springframework.security.web.access.ExceptionTranslationFilter@7bab5898, org.springframework.security.web.access.intercept.FilterSecurityInterceptor@216e9ca3]
00:59:08.623 [INFO ] [main] [DefaultSecurityFilterChain:43] - Creating filter chain: OrRequestMatcher [requestMatchers=[Ant [pattern='/**']]], [org.springframework.security.web.context.request.async.WebAsyncManagerIntegrationFilter@2d64c100, org.springframework.security.web.context.SecurityContextPersistenceFilter@54402c04, org.springframework.security.web.header.HeaderWriterFilter@670b3ca, org.springframework.security.web.authentication.logout.LogoutFilter@6c5ddccd, org.springframework.security.web.authentication.www.BasicAuthenticationFilter@1dbd580, org.springframework.security.web.savedrequest.RequestCacheAwareFilter@5b3bb1f7, org.springframework.security.web.servletapi.SecurityContextHolderAwareRequestFilter@58d6b7b9, org.springframework.security.web.authentication.AnonymousAuthenticationFilter@69d45cca, org.springframework.security.web.session.SessionManagementFilter@24a86066, org.springframework.security.web.access.ExceptionTranslationFilter@4e682398, org.springframework.security.web.access.intercept.FilterSecurityInterceptor@5c83ae01]
00:59:08.745 [INFO ] [main] [AnnotationMBeanExporter:431] - Registering beans for JMX exposure on startup
00:59:08.776 [INFO ] [main] [Http11NioProtocol:179] - Initializing ProtocolHandler ["http-nio-8080"]
00:59:08.792 [INFO ] [main] [Http11NioProtocol:179] - Starting ProtocolHandler [http-nio-8080]
00:59:08.815 [INFO ] [main] [NioSelectorPool:179] - Using a shared selector for servlet write/read
00:59:08.838 [INFO ] [main] [TomcatEmbeddedServletContainer:186] - Tomcat started on port(s): 8080 (http)
00:59:08.844 [INFO ] [main] [CampusApplication:57] - Started CampusApplication in 6.789 seconds (JVM running for 7.592)
00:59:19.476 [INFO ] [http-nio-8080-exec-1] [[/]:179] - Initializing Spring FrameworkServlet 'dispatcherServlet'
00:59:19.476 [INFO ] [http-nio-8080-exec-1] [DispatcherServlet:489] - FrameworkServlet 'dispatcherServlet': initialization started
00:59:19.493 [INFO ] [http-nio-8080-exec-1] [DispatcherServlet:508] - FrameworkServlet 'dispatcherServlet': initialization completed in 17 ms
01:04:07.581 [INFO ] [Thread-2] [AnnotationConfigEmbeddedWebApplicationContext:982] - Closing org.springframework.boot.context.embedded.AnnotationConfigEmbeddedWebApplicationContext@2892dae4: startup date [Sat Sep 03 00:59:03 PET 2016]; root of context hierarchy
01:04:07.583 [INFO ] [Thread-2] [AnnotationMBeanExporter:449] - Unregistering JMX-exposed beans on shutdown
01:04:11.184 [INFO ] [main] [CampusApplication:48] - Starting CampusApplication on Joses-MacBook-Pro.local with PID 24727 (/Users/josediaz/Projects/campusfrontend/build/classes/main started by josediaz in /Users/josediaz/Projects/campusfrontend)
01:04:11.195 [DEBUG] [main] [CampusApplication:51] - Running with Spring Boot v1.4.0.RELEASE, Spring v4.3.2.RELEASE
01:04:11.196 [INFO ] [main] [CampusApplication:659] - No active profile set, falling back to default profiles: default
01:04:11.598 [INFO ] [background-preinit] [Version:30] - HV000001: Hibernate Validator 5.2.4.Final
01:04:11.734 [INFO ] [main] [AnnotationConfigEmbeddedWebApplicationContext:581] - Refreshing org.springframework.boot.context.embedded.AnnotationConfigEmbeddedWebApplicationContext@2892dae4: startup date [Sat Sep 03 01:04:11 PET 2016]; root of context hierarchy
01:04:13.142 [INFO ] [main] [PostProcessorRegistrationDelegate$BeanPostProcessorChecker:328] - Bean 'org.springframework.transaction.annotation.ProxyTransactionManagementConfiguration' of type [class org.springframework.transaction.annotation.ProxyTransactionManagementConfiguration$$EnhancerBySpringCGLIB$$d0573400] is not eligible for getting processed by all BeanPostProcessors (for example: not eligible for auto-proxying)
01:04:13.665 [INFO ] [main] [TomcatEmbeddedServletContainer:88] - Tomcat initialized with port(s): 8080 (http)
01:04:13.682 [INFO ] [main] [StandardService:179] - Starting service Tomcat
01:04:13.684 [INFO ] [main] [StandardEngine:179] - Starting Servlet Engine: Apache Tomcat/8.5.4
01:04:13.778 [INFO ] [localhost-startStop-1] [[/]:179] - Initializing Spring embedded WebApplicationContext
01:04:13.779 [INFO ] [localhost-startStop-1] [ContextLoader:276] - Root WebApplicationContext: initialization completed in 2045 ms
01:04:14.004 [INFO ] [localhost-startStop-1] [FilterRegistrationBean:258] - Mapping filter: 'characterEncodingFilter' to: [/*]
01:04:14.005 [INFO ] [localhost-startStop-1] [FilterRegistrationBean:258] - Mapping filter: 'hiddenHttpMethodFilter' to: [/*]
01:04:14.005 [INFO ] [localhost-startStop-1] [FilterRegistrationBean:258] - Mapping filter: 'httpPutFormContentFilter' to: [/*]
01:04:14.005 [INFO ] [localhost-startStop-1] [FilterRegistrationBean:258] - Mapping filter: 'requestContextFilter' to: [/*]
01:04:14.007 [INFO ] [localhost-startStop-1] [DelegatingFilterProxyRegistrationBean:258] - Mapping filter: 'springSecurityFilterChain' to: [/*]
01:04:14.007 [INFO ] [localhost-startStop-1] [ServletRegistrationBean:190] - Mapping servlet: 'dispatcherServlet' to [/]
01:04:14.628 [INFO ] [main] [RequestMappingHandlerAdapter:534] - Looking for @ControllerAdvice: org.springframework.boot.context.embedded.AnnotationConfigEmbeddedWebApplicationContext@2892dae4: startup date [Sat Sep 03 01:04:11 PET 2016]; root of context hierarchy
01:04:14.704 [INFO ] [main] [RequestMappingHandlerMapping:543] - Mapped "{[/]}" onto org.springframework.web.servlet.ModelAndView pe.joedayz.campus.controller.IndexController.index()
01:04:14.707 [INFO ] [main] [RequestMappingHandlerMapping:543] - Mapped "{[/kendo/index]}" onto java.lang.String pe.joedayz.campus.controller.KendoController.index()
01:04:14.707 [INFO ] [main] [RequestMappingHandlerMapping:543] - Mapped "{[/kendo/grid]}" onto java.lang.String pe.joedayz.campus.controller.KendoController.grid()
01:04:14.708 [INFO ] [main] [RequestMappingHandlerMapping:543] - Mapped "{[/login]}" onto org.springframework.web.servlet.ModelAndView pe.joedayz.campus.controller.LoginController.index()
01:04:14.709 [INFO ] [main] [RequestMappingHandlerMapping:543] - Mapped "{[/main/index]}" onto java.lang.String pe.joedayz.campus.controller.MainController.index()
01:04:14.710 [INFO ] [main] [RequestMappingHandlerMapping:543] - Mapped "{[/minor/index]}" onto java.lang.String pe.joedayz.campus.controller.MinorController.index()
01:04:14.711 [INFO ] [main] [RequestMappingHandlerMapping:543] - Mapped "{[/ping/poke]}" onto public org.springframework.http.ResponseEntity<java.lang.String> pe.joedayz.campus.controller.PingController.poke()
01:04:14.711 [INFO ] [main] [RequestMappingHandlerMapping:543] - Mapped "{[/reset-password]}" onto org.springframework.web.servlet.ModelAndView pe.joedayz.campus.controller.ResetPasswordController.index()
01:04:14.713 [INFO ] [main] [RequestMappingHandlerMapping:543] - Mapped "{[/curso/novedades]}" onto public org.springframework.web.servlet.ModelAndView pe.joedayz.campus.controller.curso.CursoController.novedades() throws java.lang.Exception
01:04:14.714 [INFO ] [main] [RequestMappingHandlerMapping:543] - Mapped "{[/curso/contenido/{key}]}" onto public org.springframework.web.servlet.ModelAndView pe.joedayz.campus.controller.curso.CursoController.contenido(java.lang.String) throws java.lang.Exception
01:04:14.715 [INFO ] [main] [RequestMappingHandlerMapping:543] - Mapped "{[/role/search]}" onto org.springframework.web.servlet.ModelAndView pe.joedayz.campus.controller.role.RoleController.index() throws java.lang.Exception
01:04:14.715 [INFO ] [main] [RequestMappingHandlerMapping:543] - Mapped "{[/role/new]}" onto org.springframework.web.servlet.ModelAndView pe.joedayz.campus.controller.role.RoleController.create() throws com.fasterxml.jackson.core.JsonProcessingException
01:04:14.716 [INFO ] [main] [RequestMappingHandlerMapping:543] - Mapped "{[/role/edit]}" onto org.springframework.web.servlet.ModelAndView pe.joedayz.campus.controller.role.RoleController.roleEdit(java.lang.Long) throws java.lang.Exception
01:04:14.723 [INFO ] [main] [RequestMappingHandlerMapping:543] - Mapped "{[/user/search]}" onto org.springframework.web.servlet.ModelAndView pe.joedayz.campus.controller.security.UserController.index() throws java.lang.Exception
01:04:14.724 [INFO ] [main] [RequestMappingHandlerMapping:543] - Mapped "{[/user/new]}" onto org.springframework.web.servlet.ModelAndView pe.joedayz.campus.controller.security.UserController.init() throws java.lang.Exception
01:04:14.724 [INFO ] [main] [RequestMappingHandlerMapping:543] - Mapped "{[/user/edit]}" onto public org.springframework.web.servlet.ModelAndView pe.joedayz.campus.controller.security.UserController.edit(java.lang.Long) throws com.fasterxml.jackson.core.JsonProcessingException
01:04:14.724 [INFO ] [main] [RequestMappingHandlerMapping:543] - Mapped "{[/user/profile]}" onto public org.springframework.web.servlet.ModelAndView pe.joedayz.campus.controller.security.UserController.editProfile() throws com.fasterxml.jackson.core.JsonProcessingException
01:04:14.724 [INFO ] [main] [RequestMappingHandlerMapping:543] - Mapped "{[/user/find],methods=[GET],produces=[application/json]}" onto public pe.joedayz.campus.dto.UserDto pe.joedayz.campus.controller.security.UserController.findByUsername(java.lang.String)
01:04:14.725 [INFO ] [main] [RequestMappingHandlerMapping:543] - Mapped "{[/user/find/autocomplete/pricinganalyst],methods=[GET],produces=[application/json]}" onto public java.util.List<pe.joedayz.campus.dto.UserViewDto> pe.joedayz.campus.controller.security.UserController.findPricingAnaLystOld(java.lang.String)
01:04:14.725 [INFO ] [main] [RequestMappingHandlerMapping:543] - Mapped "{[/user/find/autocompletePricingAnalyst],methods=[GET],produces=[application/json]}" onto public java.util.List<pe.joedayz.campus.dto.UserViewDto> pe.joedayz.campus.controller.security.UserController.findPricingAnalyst(java.lang.String)
01:04:14.726 [INFO ] [main] [RequestMappingHandlerMapping:543] - Mapped "{[/user/find/autocomplete/commercialaccount],methods=[GET],produces=[application/json]}" onto public java.util.List<pe.joedayz.campus.dto.UserDto> pe.joedayz.campus.controller.security.UserController.findCommercialAccount(java.lang.String)
01:04:14.726 [INFO ] [main] [RequestMappingHandlerMapping:543] - Mapped "{[/user/find/autocomplete/commercialrep],methods=[GET],produces=[application/json]}" onto public java.util.List<pe.joedayz.campus.dto.UserDto> pe.joedayz.campus.controller.security.UserController.findCommercialRep(java.lang.String)
01:04:14.728 [INFO ] [main] [RequestMappingHandlerMapping:543] - Mapped "{[/backend/post/**],methods=[POST],produces=[application/json]}" onto public java.lang.String pe.joedayz.campus.rest.BackendController.mirrorRest(java.lang.String,org.springframework.http.HttpMethod,javax.servlet.http.HttpServletRequest,javax.servlet.http.HttpServletResponse) throws java.net.URISyntaxException
01:04:14.729 [INFO ] [main] [RequestMappingHandlerMapping:543] - Mapped "{[/backend/get/**],produces=[application/json]}" onto public java.lang.String pe.joedayz.campus.rest.BackendController.mirrorRest(org.springframework.http.HttpMethod,javax.servlet.http.HttpServletRequest,javax.servlet.http.HttpServletResponse) throws java.net.URISyntaxException
01:04:14.731 [INFO ] [main] [RequestMappingHandlerMapping:543] - Mapped "{[/generalTable/search/find],methods=[GET],produces=[application/json]}" onto pe.joedayz.campus.dto.PageableResult pe.joedayz.campus.rest.GeneralTableController.find(pe.joedayz.campus.dto.GeneralTableFilterDto)
01:04:14.732 [INFO ] [main] [RequestMappingHandlerMapping:543] - Mapped "{[/generalTable/search]}" onto org.springframework.web.servlet.ModelAndView pe.joedayz.campus.rest.GeneralTableController.search() throws java.lang.Exception
01:04:14.732 [INFO ] [main] [RequestMappingHandlerMapping:543] - Mapped "{[/generalTable/view]}" onto org.springframework.web.servlet.ModelAndView pe.joedayz.campus.rest.GeneralTableController.view(java.lang.Long) throws com.fasterxml.jackson.core.JsonProcessingException
01:04:14.732 [INFO ] [main] [RequestMappingHandlerMapping:543] - Mapped "{[/generalTable/new]}" onto org.springframework.web.servlet.ModelAndView pe.joedayz.campus.rest.GeneralTableController.newGeneralTable() throws com.fasterxml.jackson.core.JsonProcessingException
01:04:14.735 [INFO ] [main] [RequestMappingHandlerMapping:543] - Mapped "{[/module/search/find],methods=[GET],produces=[application/json]}" onto pe.joedayz.campus.dto.PageableResult pe.joedayz.campus.rest.ModuleController.find(pe.joedayz.campus.dto.ModuleFilterDto)
01:04:14.735 [INFO ] [main] [RequestMappingHandlerMapping:543] - Mapped "{[/module/search]}" onto org.springframework.web.servlet.ModelAndView pe.joedayz.campus.rest.ModuleController.search() throws java.lang.Exception
01:04:14.736 [INFO ] [main] [RequestMappingHandlerMapping:543] - Mapped "{[/module/view]}" onto org.springframework.web.servlet.ModelAndView pe.joedayz.campus.rest.ModuleController.view(java.lang.Long) throws java.lang.Exception
01:04:14.737 [INFO ] [main] [RequestMappingHandlerMapping:543] - Mapped "{[/parameter/search/find],methods=[GET],produces=[application/json]}" onto pe.joedayz.campus.dto.PageableResult pe.joedayz.campus.rest.ParameterController.find(pe.joedayz.campus.dto.ParameterFilterDto)
01:04:14.737 [INFO ] [main] [RequestMappingHandlerMapping:543] - Mapped "{[/parameter/search]}" onto org.springframework.web.servlet.ModelAndView pe.joedayz.campus.rest.ParameterController.search() throws java.lang.Exception
01:04:14.738 [INFO ] [main] [RequestMappingHandlerMapping:543] - Mapped "{[/parameter/view]}" onto org.springframework.web.servlet.ModelAndView pe.joedayz.campus.rest.ParameterController.view(java.lang.Long) throws java.lang.Exception
01:04:14.738 [INFO ] [main] [RequestMappingHandlerMapping:543] - Mapped "{[/parameter/find/autocomplete],methods=[GET],produces=[application/json]}" onto public java.util.List<pe.joedayz.campus.dto.ParameterDto> pe.joedayz.campus.rest.ParameterController.findParameters(java.lang.String)
01:04:14.739 [INFO ] [main] [RequestMappingHandlerMapping:543] - Mapped "{[/security/recover],methods=[POST],produces=[application/json]}" onto public java.lang.String pe.joedayz.campus.rest.SecurityController.requestResetPassword(java.lang.String)
01:04:14.740 [INFO ] [main] [RequestMappingHandlerMapping:543] - Mapped "{[/security/reset-password],methods=[POST],produces=[application/json]}" onto public java.lang.String pe.joedayz.campus.rest.SecurityController.resetPassword(pe.joedayz.campus.dto.RecoverPasswordDto)
01:04:14.741 [INFO ] [main] [RequestMappingHandlerMapping:543] - Mapped "{[/cursoApi/temasDisponibles],methods=[GET],produces=[application/json]}" onto java.util.List<pe.joedayz.campus.dto.TemasCursoDto> pe.joedayz.campus.rest.curso.CursoApiController.find(java.lang.String)
01:04:14.742 [INFO ] [main] [RequestMappingHandlerMapping:543] - Mapped "{[/roleApi/search/find],methods=[GET],produces=[application/json]}" onto pe.joedayz.campus.dto.PageableResult pe.joedayz.campus.rest.role.RoleApiController.find(pe.joedayz.campus.dto.RoleFilterDto)
01:04:14.743 [INFO ] [main] [RequestMappingHandlerMapping:543] - Mapped "{[/roleApi/delete],methods=[POST]}" onto public org.springframework.http.ResponseEntity<java.lang.String> pe.joedayz.campus.rest.role.RoleApiController.delete(pe.joedayz.campus.dto.RoleViewDto)
01:04:14.743 [INFO ] [main] [RequestMappingHandlerMapping:543] - Mapped "{[/roleApi/create],methods=[POST]}" onto public org.springframework.http.ResponseEntity<java.lang.String> pe.joedayz.campus.rest.role.RoleApiController.create(pe.joedayz.campus.dto.RoleViewDto)
01:04:14.747 [INFO ] [main] [RequestMappingHandlerMapping:543] - Mapped "{[/userApi/search],methods=[GET],produces=[application/json]}" onto pe.joedayz.campus.dto.PageableResult pe.joedayz.campus.rest.security.UserApiController.find(pe.joedayz.campus.dto.UserFilterDto)
01:04:14.747 [INFO ] [main] [RequestMappingHandlerMapping:543] - Mapped "{[/userApi/cleanTemps],methods=[POST]}" onto public org.springframework.http.ResponseEntity<java.lang.Long> pe.joedayz.campus.rest.security.UserApiController.clean()
01:04:14.747 [INFO ] [main] [RequestMappingHandlerMapping:543] - Mapped "{[/userApi/create],methods=[POST]}" onto public org.springframework.http.ResponseEntity<java.lang.Long> pe.joedayz.campus.rest.security.UserApiController.save(pe.joedayz.campus.dto.UserDto)
01:04:14.748 [INFO ] [main] [RequestMappingHandlerMapping:543] - Mapped "{[/userApi/addRole],methods=[GET],produces=[application/json]}" onto public org.springframework.http.ResponseEntity<pe.joedayz.campus.dto.JsonResult> pe.joedayz.campus.rest.security.UserApiController.addRole(long,java.lang.String) throws java.lang.Exception
01:04:14.748 [INFO ] [main] [RequestMappingHandlerMapping:543] - Mapped "{[/userApi/updateProfile],methods=[POST]}" onto public org.springframework.http.ResponseEntity<java.lang.Long> pe.joedayz.campus.rest.security.UserApiController.updateProfile(pe.joedayz.campus.dto.UserDto)
01:04:14.748 [INFO ] [main] [RequestMappingHandlerMapping:543] - Mapped "{[/userApi/initTemps],methods=[POST]}" onto public org.springframework.http.ResponseEntity<java.lang.Long> pe.joedayz.campus.rest.security.UserApiController.initTemps(pe.joedayz.campus.dto.UserDto)
01:04:14.749 [INFO ] [main] [RequestMappingHandlerMapping:543] - Mapped "{[/userApi/searchRoles],methods=[GET],produces=[application/json]}" onto public pe.joedayz.campus.dto.PageableResult pe.joedayz.campus.rest.security.UserApiController.searchRoles()
01:04:14.749 [INFO ] [main] [RequestMappingHandlerMapping:543] - Mapped "{[/userApi/removeRole],methods=[POST],produces=[application/json]}" onto public org.springframework.http.ResponseEntity<pe.joedayz.campus.dto.JsonResult> pe.joedayz.campus.rest.security.UserApiController.removeRole(long)
01:04:14.751 [INFO ] [main] [RequestMappingHandlerMapping:543] - Mapped "{[/error]}" onto public org.springframework.http.ResponseEntity<java.util.Map<java.lang.String, java.lang.Object>> org.springframework.boot.autoconfigure.web.BasicErrorController.error(javax.servlet.http.HttpServletRequest)
01:04:14.752 [INFO ] [main] [RequestMappingHandlerMapping:543] - Mapped "{[/error],produces=[text/html]}" onto public org.springframework.web.servlet.ModelAndView org.springframework.boot.autoconfigure.web.BasicErrorController.errorHtml(javax.servlet.http.HttpServletRequest,javax.servlet.http.HttpServletResponse)
01:04:14.769 [INFO ] [main] [SimpleUrlHandlerMapping:354] - Mapped URL path [/recover] onto handler of type [class org.springframework.web.servlet.mvc.ParameterizableViewController]
01:04:14.784 [INFO ] [main] [SimpleUrlHandlerMapping:354] - Mapped URL path [/webjars/**] onto handler of type [class org.springframework.web.servlet.resource.ResourceHttpRequestHandler]
01:04:14.784 [INFO ] [main] [SimpleUrlHandlerMapping:354] - Mapped URL path [/**] onto handler of type [class org.springframework.web.servlet.resource.ResourceHttpRequestHandler]
01:04:14.806 [INFO ] [main] [ExceptionHandlerExceptionResolver:269] - Detected @ExceptionHandler methods in adviceController
01:04:14.828 [INFO ] [main] [SimpleUrlHandlerMapping:354] - Mapped URL path [/**/favicon.ico] onto handler of type [class org.springframework.web.servlet.resource.ResourceHttpRequestHandler]
01:04:15.462 [INFO ] [main] [AuthenticationManagerConfiguration:169] - 

Using default security password: a08e54d7-5c18-425d-af4e-894bcce9f105

01:04:15.470 [INFO ] [main] [DefaultSecurityFilterChain:43] - Creating filter chain: Ant [pattern='/css/**'], []
01:04:15.471 [INFO ] [main] [DefaultSecurityFilterChain:43] - Creating filter chain: Ant [pattern='/js/**'], []
01:04:15.471 [INFO ] [main] [DefaultSecurityFilterChain:43] - Creating filter chain: Ant [pattern='/images/**'], []
01:04:15.471 [INFO ] [main] [DefaultSecurityFilterChain:43] - Creating filter chain: Ant [pattern='/webjars/**'], []
01:04:15.471 [INFO ] [main] [DefaultSecurityFilterChain:43] - Creating filter chain: Ant [pattern='/**/favicon.ico'], []
01:04:15.472 [INFO ] [main] [DefaultSecurityFilterChain:43] - Creating filter chain: Ant [pattern='/error'], []
01:04:15.569 [INFO ] [main] [DefaultSecurityFilterChain:43] - Creating filter chain: org.springframework.security.web.util.matcher.AnyRequestMatcher@1, [org.springframework.security.web.context.request.async.WebAsyncManagerIntegrationFilter@69d23296, org.springframework.security.web.context.SecurityContextPersistenceFilter@f4a3a8d, org.springframework.security.web.header.HeaderWriterFilter@7654f833, org.springframework.security.web.authentication.logout.LogoutFilter@6920b0bc, org.springframework.security.web.authentication.UsernamePasswordAuthenticationFilter@38e7ed69, org.springframework.security.web.savedrequest.RequestCacheAwareFilter@d613308, org.springframework.security.web.servletapi.SecurityContextHolderAwareRequestFilter@30f74e79, org.springframework.security.web.authentication.rememberme.RememberMeAuthenticationFilter@22752544, org.springframework.security.web.authentication.AnonymousAuthenticationFilter@3c3820bb, org.springframework.security.web.session.SessionManagementFilter@d7109be, org.springframework.security.web.access.ExceptionTranslationFilter@2d7a9786, org.springframework.security.web.access.intercept.FilterSecurityInterceptor@71926a36]
01:04:15.585 [INFO ] [main] [DefaultSecurityFilterChain:43] - Creating filter chain: OrRequestMatcher [requestMatchers=[Ant [pattern='/**']]], [org.springframework.security.web.context.request.async.WebAsyncManagerIntegrationFilter@5c83ae01, org.springframework.security.web.context.SecurityContextPersistenceFilter@24a86066, org.springframework.security.web.header.HeaderWriterFilter@4e682398, org.springframework.security.web.authentication.logout.LogoutFilter@6a6f6c7e, org.springframework.security.web.authentication.www.BasicAuthenticationFilter@6c5ddccd, org.springframework.security.web.savedrequest.RequestCacheAwareFilter@54402c04, org.springframework.security.web.servletapi.SecurityContextHolderAwareRequestFilter@5b3bb1f7, org.springframework.security.web.authentication.AnonymousAuthenticationFilter@2d64c100, org.springframework.security.web.session.SessionManagementFilter@670b3ca, org.springframework.security.web.access.ExceptionTranslationFilter@3fd9e827, org.springframework.security.web.access.intercept.FilterSecurityInterceptor@47d023b7]
01:04:15.713 [INFO ] [main] [AnnotationMBeanExporter:431] - Registering beans for JMX exposure on startup
01:04:15.748 [INFO ] [main] [Http11NioProtocol:179] - Initializing ProtocolHandler ["http-nio-8080"]
01:04:15.764 [INFO ] [main] [Http11NioProtocol:179] - Starting ProtocolHandler [http-nio-8080]
01:04:15.789 [INFO ] [main] [NioSelectorPool:179] - Using a shared selector for servlet write/read
01:04:15.805 [INFO ] [main] [TomcatEmbeddedServletContainer:186] - Tomcat started on port(s): 8080 (http)
01:04:15.814 [INFO ] [main] [CampusApplication:57] - Started CampusApplication in 5.707 seconds (JVM running for 6.611)
01:04:40.239 [INFO ] [http-nio-8080-exec-1] [[/]:179] - Initializing Spring FrameworkServlet 'dispatcherServlet'
01:04:40.239 [INFO ] [http-nio-8080-exec-1] [DispatcherServlet:489] - FrameworkServlet 'dispatcherServlet': initialization started
01:04:40.251 [INFO ] [http-nio-8080-exec-1] [DispatcherServlet:508] - FrameworkServlet 'dispatcherServlet': initialization completed in 12 ms
01:05:24.026 [INFO ] [http-nio-8080-exec-7] [SecurityConfig:81] - Authentication process init for user joe
01:05:24.138 [INFO ] [http-nio-8080-exec-7] [SecurityConfig:87] - User from databasenull
01:05:24.138 [INFO ] [http-nio-8080-exec-7] [SecurityConfig:90] - User not found in database null
01:05:24.141 [ERROR] [http-nio-8080-exec-7] [UsernamePasswordAuthenticationFilter:221] - An internal error occurred while trying to authenticate the user.
org.springframework.security.authentication.InternalAuthenticationServiceException: The username you have entered cannot be found in our database.
	at org.springframework.security.authentication.dao.DaoAuthenticationProvider.retrieveUser(DaoAuthenticationProvider.java:126)
	at org.springframework.security.authentication.dao.AbstractUserDetailsAuthenticationProvider.authenticate(AbstractUserDetailsAuthenticationProvider.java:144)
	at org.springframework.security.authentication.ProviderManager.authenticate(ProviderManager.java:174)
	at org.springframework.security.authentication.ProviderManager.authenticate(ProviderManager.java:199)
	at org.springframework.security.web.authentication.UsernamePasswordAuthenticationFilter.attemptAuthentication(UsernamePasswordAuthenticationFilter.java:94)
	at org.springframework.security.web.authentication.AbstractAuthenticationProcessingFilter.doFilter(AbstractAuthenticationProcessingFilter.java:212)
	at org.springframework.security.web.FilterChainProxy$VirtualFilterChain.doFilter(FilterChainProxy.java:331)
	at org.springframework.security.web.authentication.logout.LogoutFilter.doFilter(LogoutFilter.java:121)
	at org.springframework.security.web.FilterChainProxy$VirtualFilterChain.doFilter(FilterChainProxy.java:331)
	at org.springframework.security.web.header.HeaderWriterFilter.doFilterInternal(HeaderWriterFilter.java:66)
	at org.springframework.web.filter.OncePerRequestFilter.doFilter(OncePerRequestFilter.java:107)
	at org.springframework.security.web.FilterChainProxy$VirtualFilterChain.doFilter(FilterChainProxy.java:331)
	at org.springframework.security.web.context.SecurityContextPersistenceFilter.doFilter(SecurityContextPersistenceFilter.java:105)
	at org.springframework.security.web.FilterChainProxy$VirtualFilterChain.doFilter(FilterChainProxy.java:331)
	at org.springframework.security.web.context.request.async.WebAsyncManagerIntegrationFilter.doFilterInternal(WebAsyncManagerIntegrationFilter.java:56)
	at org.springframework.web.filter.OncePerRequestFilter.doFilter(OncePerRequestFilter.java:107)
	at org.springframework.security.web.FilterChainProxy$VirtualFilterChain.doFilter(FilterChainProxy.java:331)
	at org.springframework.security.web.FilterChainProxy.doFilterInternal(FilterChainProxy.java:214)
	at org.springframework.security.web.FilterChainProxy.doFilter(FilterChainProxy.java:177)
	at org.springframework.web.filter.DelegatingFilterProxy.invokeDelegate(DelegatingFilterProxy.java:346)
	at org.springframework.web.filter.DelegatingFilterProxy.doFilter(DelegatingFilterProxy.java:262)
	at org.apache.catalina.core.ApplicationFilterChain.internalDoFilter(ApplicationFilterChain.java:192)
	at org.apache.catalina.core.ApplicationFilterChain.doFilter(ApplicationFilterChain.java:165)
	at org.springframework.web.filter.RequestContextFilter.doFilterInternal(RequestContextFilter.java:99)
	at org.springframework.web.filter.OncePerRequestFilter.doFilter(OncePerRequestFilter.java:107)
	at org.apache.catalina.core.ApplicationFilterChain.internalDoFilter(ApplicationFilterChain.java:192)
	at org.apache.catalina.core.ApplicationFilterChain.doFilter(ApplicationFilterChain.java:165)
	at org.springframework.web.filter.HttpPutFormContentFilter.doFilterInternal(HttpPutFormContentFilter.java:87)
	at org.springframework.web.filter.OncePerRequestFilter.doFilter(OncePerRequestFilter.java:107)
	at org.apache.catalina.core.ApplicationFilterChain.internalDoFilter(ApplicationFilterChain.java:192)
	at org.apache.catalina.core.ApplicationFilterChain.doFilter(ApplicationFilterChain.java:165)
	at org.springframework.web.filter.HiddenHttpMethodFilter.doFilterInternal(HiddenHttpMethodFilter.java:77)
	at org.springframework.web.filter.OncePerRequestFilter.doFilter(OncePerRequestFilter.java:107)
	at org.apache.catalina.core.ApplicationFilterChain.internalDoFilter(ApplicationFilterChain.java:192)
	at org.apache.catalina.core.ApplicationFilterChain.doFilter(ApplicationFilterChain.java:165)
	at org.springframework.web.filter.CharacterEncodingFilter.doFilterInternal(CharacterEncodingFilter.java:197)
	at org.springframework.web.filter.OncePerRequestFilter.doFilter(OncePerRequestFilter.java:107)
	at org.apache.catalina.core.ApplicationFilterChain.internalDoFilter(ApplicationFilterChain.java:192)
	at org.apache.catalina.core.ApplicationFilterChain.doFilter(ApplicationFilterChain.java:165)
	at org.apache.catalina.core.StandardWrapperValve.invoke(StandardWrapperValve.java:198)
	at org.apache.catalina.core.StandardContextValve.invoke(StandardContextValve.java:108)
	at org.apache.catalina.authenticator.AuthenticatorBase.invoke(AuthenticatorBase.java:522)
	at org.apache.catalina.core.StandardHostValve.invoke(StandardHostValve.java:140)
	at org.apache.catalina.valves.ErrorReportValve.invoke(ErrorReportValve.java:79)
	at org.apache.catalina.core.StandardEngineValve.invoke(StandardEngineValve.java:87)
	at org.apache.catalina.connector.CoyoteAdapter.service(CoyoteAdapter.java:349)
	at org.apache.coyote.http11.Http11Processor.service(Http11Processor.java:1110)
	at org.apache.coyote.AbstractProcessorLight.process(AbstractProcessorLight.java:66)
	at org.apache.coyote.AbstractProtocol$ConnectionHandler.process(AbstractProtocol.java:785)
	at org.apache.tomcat.util.net.NioEndpoint$SocketProcessor.doRun(NioEndpoint.java:1425)
	at org.apache.tomcat.util.net.SocketProcessorBase.run(SocketProcessorBase.java:49)
	at java.util.concurrent.ThreadPoolExecutor.runWorker(ThreadPoolExecutor.java:1142)
	at java.util.concurrent.ThreadPoolExecutor$Worker.run(ThreadPoolExecutor.java:617)
	at org.apache.tomcat.util.threads.TaskThread$WrappingRunnable.run(TaskThread.java:61)
	at java.lang.Thread.run(Thread.java:745)
Caused by: pe.joedayz.campus.security.UserNotFoundException: The username you have entered cannot be found in our database.
	at pe.joedayz.campus.config.SecurityConfig$1.loadUserByUsername(SecurityConfig.java:91)
	at org.springframework.security.authentication.dao.DaoAuthenticationProvider.retrieveUser(DaoAuthenticationProvider.java:114)
	... 54 common frames omitted
01:09:17.185 [INFO ] [Thread-2] [AnnotationConfigEmbeddedWebApplicationContext:982] - Closing org.springframework.boot.context.embedded.AnnotationConfigEmbeddedWebApplicationContext@2892dae4: startup date [Sat Sep 03 01:04:11 PET 2016]; root of context hierarchy
01:09:17.192 [INFO ] [Thread-2] [AnnotationMBeanExporter:449] - Unregistering JMX-exposed beans on shutdown
01:10:24.644 [INFO ] [main] [CampusApplication:48] - Starting CampusApplication on Joses-MacBook-Pro.local with PID 24842 (/Users/josediaz/Projects/campusfrontend/build/classes/main started by josediaz in /Users/josediaz/Projects/campusfrontend)
01:10:24.651 [DEBUG] [main] [CampusApplication:51] - Running with Spring Boot v1.4.0.RELEASE, Spring v4.3.2.RELEASE
01:10:24.651 [INFO ] [main] [CampusApplication:659] - No active profile set, falling back to default profiles: default
01:10:25.146 [INFO ] [background-preinit] [Version:30] - HV000001: Hibernate Validator 5.2.4.Final
01:10:25.330 [INFO ] [main] [AnnotationConfigEmbeddedWebApplicationContext:581] - Refreshing org.springframework.boot.context.embedded.AnnotationConfigEmbeddedWebApplicationContext@2892dae4: startup date [Sat Sep 03 01:10:25 PET 2016]; root of context hierarchy
01:10:26.660 [INFO ] [main] [PostProcessorRegistrationDelegate$BeanPostProcessorChecker:328] - Bean 'org.springframework.transaction.annotation.ProxyTransactionManagementConfiguration' of type [class org.springframework.transaction.annotation.ProxyTransactionManagementConfiguration$$EnhancerBySpringCGLIB$$d0573400] is not eligible for getting processed by all BeanPostProcessors (for example: not eligible for auto-proxying)
01:10:27.178 [INFO ] [main] [TomcatEmbeddedServletContainer:88] - Tomcat initialized with port(s): 8080 (http)
01:10:27.195 [INFO ] [main] [StandardService:179] - Starting service Tomcat
01:10:27.196 [INFO ] [main] [StandardEngine:179] - Starting Servlet Engine: Apache Tomcat/8.5.4
01:10:27.299 [INFO ] [localhost-startStop-1] [[/]:179] - Initializing Spring embedded WebApplicationContext
01:10:27.300 [INFO ] [localhost-startStop-1] [ContextLoader:276] - Root WebApplicationContext: initialization completed in 1969 ms
01:10:27.538 [INFO ] [localhost-startStop-1] [FilterRegistrationBean:258] - Mapping filter: 'characterEncodingFilter' to: [/*]
01:10:27.538 [INFO ] [localhost-startStop-1] [FilterRegistrationBean:258] - Mapping filter: 'hiddenHttpMethodFilter' to: [/*]
01:10:27.539 [INFO ] [localhost-startStop-1] [FilterRegistrationBean:258] - Mapping filter: 'httpPutFormContentFilter' to: [/*]
01:10:27.540 [INFO ] [localhost-startStop-1] [FilterRegistrationBean:258] - Mapping filter: 'requestContextFilter' to: [/*]
01:10:27.541 [INFO ] [localhost-startStop-1] [DelegatingFilterProxyRegistrationBean:258] - Mapping filter: 'springSecurityFilterChain' to: [/*]
01:10:27.542 [INFO ] [localhost-startStop-1] [ServletRegistrationBean:190] - Mapping servlet: 'dispatcherServlet' to [/]
01:10:28.154 [INFO ] [main] [RequestMappingHandlerAdapter:534] - Looking for @ControllerAdvice: org.springframework.boot.context.embedded.AnnotationConfigEmbeddedWebApplicationContext@2892dae4: startup date [Sat Sep 03 01:10:25 PET 2016]; root of context hierarchy
01:10:28.220 [INFO ] [main] [RequestMappingHandlerMapping:543] - Mapped "{[/]}" onto org.springframework.web.servlet.ModelAndView pe.joedayz.campus.controller.IndexController.index()
01:10:28.222 [INFO ] [main] [RequestMappingHandlerMapping:543] - Mapped "{[/kendo/index]}" onto java.lang.String pe.joedayz.campus.controller.KendoController.index()
01:10:28.223 [INFO ] [main] [RequestMappingHandlerMapping:543] - Mapped "{[/kendo/grid]}" onto java.lang.String pe.joedayz.campus.controller.KendoController.grid()
01:10:28.224 [INFO ] [main] [RequestMappingHandlerMapping:543] - Mapped "{[/login]}" onto org.springframework.web.servlet.ModelAndView pe.joedayz.campus.controller.LoginController.index()
01:10:28.225 [INFO ] [main] [RequestMappingHandlerMapping:543] - Mapped "{[/main/index]}" onto java.lang.String pe.joedayz.campus.controller.MainController.index()
01:10:28.226 [INFO ] [main] [RequestMappingHandlerMapping:543] - Mapped "{[/minor/index]}" onto java.lang.String pe.joedayz.campus.controller.MinorController.index()
01:10:28.226 [INFO ] [main] [RequestMappingHandlerMapping:543] - Mapped "{[/ping/poke]}" onto public org.springframework.http.ResponseEntity<java.lang.String> pe.joedayz.campus.controller.PingController.poke()
01:10:28.227 [INFO ] [main] [RequestMappingHandlerMapping:543] - Mapped "{[/reset-password]}" onto org.springframework.web.servlet.ModelAndView pe.joedayz.campus.controller.ResetPasswordController.index()
01:10:28.228 [INFO ] [main] [RequestMappingHandlerMapping:543] - Mapped "{[/curso/novedades]}" onto public org.springframework.web.servlet.ModelAndView pe.joedayz.campus.controller.curso.CursoController.novedades() throws java.lang.Exception
01:10:28.229 [INFO ] [main] [RequestMappingHandlerMapping:543] - Mapped "{[/curso/contenido/{key}]}" onto public org.springframework.web.servlet.ModelAndView pe.joedayz.campus.controller.curso.CursoController.contenido(java.lang.String) throws java.lang.Exception
01:10:28.230 [INFO ] [main] [RequestMappingHandlerMapping:543] - Mapped "{[/role/search]}" onto org.springframework.web.servlet.ModelAndView pe.joedayz.campus.controller.role.RoleController.index() throws java.lang.Exception
01:10:28.231 [INFO ] [main] [RequestMappingHandlerMapping:543] - Mapped "{[/role/new]}" onto org.springframework.web.servlet.ModelAndView pe.joedayz.campus.controller.role.RoleController.create() throws com.fasterxml.jackson.core.JsonProcessingException
01:10:28.231 [INFO ] [main] [RequestMappingHandlerMapping:543] - Mapped "{[/role/edit]}" onto org.springframework.web.servlet.ModelAndView pe.joedayz.campus.controller.role.RoleController.roleEdit(java.lang.Long) throws java.lang.Exception
01:10:28.237 [INFO ] [main] [RequestMappingHandlerMapping:543] - Mapped "{[/user/search]}" onto org.springframework.web.servlet.ModelAndView pe.joedayz.campus.controller.security.UserController.index() throws java.lang.Exception
01:10:28.238 [INFO ] [main] [RequestMappingHandlerMapping:543] - Mapped "{[/user/new]}" onto org.springframework.web.servlet.ModelAndView pe.joedayz.campus.controller.security.UserController.init() throws java.lang.Exception
01:10:28.238 [INFO ] [main] [RequestMappingHandlerMapping:543] - Mapped "{[/user/edit]}" onto public org.springframework.web.servlet.ModelAndView pe.joedayz.campus.controller.security.UserController.edit(java.lang.Long) throws com.fasterxml.jackson.core.JsonProcessingException
01:10:28.238 [INFO ] [main] [RequestMappingHandlerMapping:543] - Mapped "{[/user/profile]}" onto public org.springframework.web.servlet.ModelAndView pe.joedayz.campus.controller.security.UserController.editProfile() throws com.fasterxml.jackson.core.JsonProcessingException
01:10:28.239 [INFO ] [main] [RequestMappingHandlerMapping:543] - Mapped "{[/user/find],methods=[GET],produces=[application/json]}" onto public pe.joedayz.campus.dto.UserDto pe.joedayz.campus.controller.security.UserController.findByUsername(java.lang.String)
01:10:28.239 [INFO ] [main] [RequestMappingHandlerMapping:543] - Mapped "{[/user/find/autocomplete/pricinganalyst],methods=[GET],produces=[application/json]}" onto public java.util.List<pe.joedayz.campus.dto.UserViewDto> pe.joedayz.campus.controller.security.UserController.findPricingAnaLystOld(java.lang.String)
01:10:28.239 [INFO ] [main] [RequestMappingHandlerMapping:543] - Mapped "{[/user/find/autocompletePricingAnalyst],methods=[GET],produces=[application/json]}" onto public java.util.List<pe.joedayz.campus.dto.UserViewDto> pe.joedayz.campus.controller.security.UserController.findPricingAnalyst(java.lang.String)
01:10:28.240 [INFO ] [main] [RequestMappingHandlerMapping:543] - Mapped "{[/user/find/autocomplete/commercialaccount],methods=[GET],produces=[application/json]}" onto public java.util.List<pe.joedayz.campus.dto.UserDto> pe.joedayz.campus.controller.security.UserController.findCommercialAccount(java.lang.String)
01:10:28.240 [INFO ] [main] [RequestMappingHandlerMapping:543] - Mapped "{[/user/find/autocomplete/commercialrep],methods=[GET],produces=[application/json]}" onto public java.util.List<pe.joedayz.campus.dto.UserDto> pe.joedayz.campus.controller.security.UserController.findCommercialRep(java.lang.String)
01:10:28.241 [INFO ] [main] [RequestMappingHandlerMapping:543] - Mapped "{[/backend/post/**],methods=[POST],produces=[application/json]}" onto public java.lang.String pe.joedayz.campus.rest.BackendController.mirrorRest(java.lang.String,org.springframework.http.HttpMethod,javax.servlet.http.HttpServletRequest,javax.servlet.http.HttpServletResponse) throws java.net.URISyntaxException
01:10:28.242 [INFO ] [main] [RequestMappingHandlerMapping:543] - Mapped "{[/backend/get/**],produces=[application/json]}" onto public java.lang.String pe.joedayz.campus.rest.BackendController.mirrorRest(org.springframework.http.HttpMethod,javax.servlet.http.HttpServletRequest,javax.servlet.http.HttpServletResponse) throws java.net.URISyntaxException
01:10:28.243 [INFO ] [main] [RequestMappingHandlerMapping:543] - Mapped "{[/generalTable/search/find],methods=[GET],produces=[application/json]}" onto pe.joedayz.campus.dto.PageableResult pe.joedayz.campus.rest.GeneralTableController.find(pe.joedayz.campus.dto.GeneralTableFilterDto)
01:10:28.244 [INFO ] [main] [RequestMappingHandlerMapping:543] - Mapped "{[/generalTable/search]}" onto org.springframework.web.servlet.ModelAndView pe.joedayz.campus.rest.GeneralTableController.search() throws java.lang.Exception
01:10:28.244 [INFO ] [main] [RequestMappingHandlerMapping:543] - Mapped "{[/generalTable/view]}" onto org.springframework.web.servlet.ModelAndView pe.joedayz.campus.rest.GeneralTableController.view(java.lang.Long) throws com.fasterxml.jackson.core.JsonProcessingException
01:10:28.244 [INFO ] [main] [RequestMappingHandlerMapping:543] - Mapped "{[/generalTable/new]}" onto org.springframework.web.servlet.ModelAndView pe.joedayz.campus.rest.GeneralTableController.newGeneralTable() throws com.fasterxml.jackson.core.JsonProcessingException
01:10:28.251 [INFO ] [main] [RequestMappingHandlerMapping:543] - Mapped "{[/module/search/find],methods=[GET],produces=[application/json]}" onto pe.joedayz.campus.dto.PageableResult pe.joedayz.campus.rest.ModuleController.find(pe.joedayz.campus.dto.ModuleFilterDto)
01:10:28.253 [INFO ] [main] [RequestMappingHandlerMapping:543] - Mapped "{[/module/search]}" onto org.springframework.web.servlet.ModelAndView pe.joedayz.campus.rest.ModuleController.search() throws java.lang.Exception
01:10:28.254 [INFO ] [main] [RequestMappingHandlerMapping:543] - Mapped "{[/module/view]}" onto org.springframework.web.servlet.ModelAndView pe.joedayz.campus.rest.ModuleController.view(java.lang.Long) throws java.lang.Exception
01:10:28.256 [INFO ] [main] [RequestMappingHandlerMapping:543] - Mapped "{[/parameter/search/find],methods=[GET],produces=[application/json]}" onto pe.joedayz.campus.dto.PageableResult pe.joedayz.campus.rest.ParameterController.find(pe.joedayz.campus.dto.ParameterFilterDto)
01:10:28.256 [INFO ] [main] [RequestMappingHandlerMapping:543] - Mapped "{[/parameter/search]}" onto org.springframework.web.servlet.ModelAndView pe.joedayz.campus.rest.ParameterController.search() throws java.lang.Exception
01:10:28.257 [INFO ] [main] [RequestMappingHandlerMapping:543] - Mapped "{[/parameter/view]}" onto org.springframework.web.servlet.ModelAndView pe.joedayz.campus.rest.ParameterController.view(java.lang.Long) throws java.lang.Exception
01:10:28.257 [INFO ] [main] [RequestMappingHandlerMapping:543] - Mapped "{[/parameter/find/autocomplete],methods=[GET],produces=[application/json]}" onto public java.util.List<pe.joedayz.campus.dto.ParameterDto> pe.joedayz.campus.rest.ParameterController.findParameters(java.lang.String)
01:10:28.259 [INFO ] [main] [RequestMappingHandlerMapping:543] - Mapped "{[/security/recover],methods=[POST],produces=[application/json]}" onto public java.lang.String pe.joedayz.campus.rest.SecurityController.requestResetPassword(java.lang.String)
01:10:28.260 [INFO ] [main] [RequestMappingHandlerMapping:543] - Mapped "{[/security/reset-password],methods=[POST],produces=[application/json]}" onto public java.lang.String pe.joedayz.campus.rest.SecurityController.resetPassword(pe.joedayz.campus.dto.RecoverPasswordDto)
01:10:28.262 [INFO ] [main] [RequestMappingHandlerMapping:543] - Mapped "{[/cursoApi/temasDisponibles],methods=[GET],produces=[application/json]}" onto java.util.List<pe.joedayz.campus.dto.TemasCursoDto> pe.joedayz.campus.rest.curso.CursoApiController.find(java.lang.String)
01:10:28.265 [INFO ] [main] [RequestMappingHandlerMapping:543] - Mapped "{[/roleApi/search/find],methods=[GET],produces=[application/json]}" onto pe.joedayz.campus.dto.PageableResult pe.joedayz.campus.rest.role.RoleApiController.find(pe.joedayz.campus.dto.RoleFilterDto)
01:10:28.265 [INFO ] [main] [RequestMappingHandlerMapping:543] - Mapped "{[/roleApi/delete],methods=[POST]}" onto public org.springframework.http.ResponseEntity<java.lang.String> pe.joedayz.campus.rest.role.RoleApiController.delete(pe.joedayz.campus.dto.RoleViewDto)
01:10:28.265 [INFO ] [main] [RequestMappingHandlerMapping:543] - Mapped "{[/roleApi/create],methods=[POST]}" onto public org.springframework.http.ResponseEntity<java.lang.String> pe.joedayz.campus.rest.role.RoleApiController.create(pe.joedayz.campus.dto.RoleViewDto)
01:10:28.267 [INFO ] [main] [RequestMappingHandlerMapping:543] - Mapped "{[/userApi/search],methods=[GET],produces=[application/json]}" onto pe.joedayz.campus.dto.PageableResult pe.joedayz.campus.rest.security.UserApiController.find(pe.joedayz.campus.dto.UserFilterDto)
01:10:28.268 [INFO ] [main] [RequestMappingHandlerMapping:543] - Mapped "{[/userApi/cleanTemps],methods=[POST]}" onto public org.springframework.http.ResponseEntity<java.lang.Long> pe.joedayz.campus.rest.security.UserApiController.clean()
01:10:28.268 [INFO ] [main] [RequestMappingHandlerMapping:543] - Mapped "{[/userApi/create],methods=[POST]}" onto public org.springframework.http.ResponseEntity<java.lang.Long> pe.joedayz.campus.rest.security.UserApiController.save(pe.joedayz.campus.dto.UserDto)
01:10:28.269 [INFO ] [main] [RequestMappingHandlerMapping:543] - Mapped "{[/userApi/addRole],methods=[GET],produces=[application/json]}" onto public org.springframework.http.ResponseEntity<pe.joedayz.campus.dto.JsonResult> pe.joedayz.campus.rest.security.UserApiController.addRole(long,java.lang.String) throws java.lang.Exception
01:10:28.269 [INFO ] [main] [RequestMappingHandlerMapping:543] - Mapped "{[/userApi/updateProfile],methods=[POST]}" onto public org.springframework.http.ResponseEntity<java.lang.Long> pe.joedayz.campus.rest.security.UserApiController.updateProfile(pe.joedayz.campus.dto.UserDto)
01:10:28.269 [INFO ] [main] [RequestMappingHandlerMapping:543] - Mapped "{[/userApi/initTemps],methods=[POST]}" onto public org.springframework.http.ResponseEntity<java.lang.Long> pe.joedayz.campus.rest.security.UserApiController.initTemps(pe.joedayz.campus.dto.UserDto)
01:10:28.270 [INFO ] [main] [RequestMappingHandlerMapping:543] - Mapped "{[/userApi/searchRoles],methods=[GET],produces=[application/json]}" onto public pe.joedayz.campus.dto.PageableResult pe.joedayz.campus.rest.security.UserApiController.searchRoles()
01:10:28.270 [INFO ] [main] [RequestMappingHandlerMapping:543] - Mapped "{[/userApi/removeRole],methods=[POST],produces=[application/json]}" onto public org.springframework.http.ResponseEntity<pe.joedayz.campus.dto.JsonResult> pe.joedayz.campus.rest.security.UserApiController.removeRole(long)
01:10:28.272 [INFO ] [main] [RequestMappingHandlerMapping:543] - Mapped "{[/error]}" onto public org.springframework.http.ResponseEntity<java.util.Map<java.lang.String, java.lang.Object>> org.springframework.boot.autoconfigure.web.BasicErrorController.error(javax.servlet.http.HttpServletRequest)
01:10:28.273 [INFO ] [main] [RequestMappingHandlerMapping:543] - Mapped "{[/error],produces=[text/html]}" onto public org.springframework.web.servlet.ModelAndView org.springframework.boot.autoconfigure.web.BasicErrorController.errorHtml(javax.servlet.http.HttpServletRequest,javax.servlet.http.HttpServletResponse)
01:10:28.289 [INFO ] [main] [SimpleUrlHandlerMapping:354] - Mapped URL path [/recover] onto handler of type [class org.springframework.web.servlet.mvc.ParameterizableViewController]
01:10:28.306 [INFO ] [main] [SimpleUrlHandlerMapping:354] - Mapped URL path [/webjars/**] onto handler of type [class org.springframework.web.servlet.resource.ResourceHttpRequestHandler]
01:10:28.306 [INFO ] [main] [SimpleUrlHandlerMapping:354] - Mapped URL path [/**] onto handler of type [class org.springframework.web.servlet.resource.ResourceHttpRequestHandler]
01:10:28.329 [INFO ] [main] [ExceptionHandlerExceptionResolver:269] - Detected @ExceptionHandler methods in adviceController
01:10:28.354 [INFO ] [main] [SimpleUrlHandlerMapping:354] - Mapped URL path [/**/favicon.ico] onto handler of type [class org.springframework.web.servlet.resource.ResourceHttpRequestHandler]
01:10:28.960 [INFO ] [main] [AuthenticationManagerConfiguration:169] - 

Using default security password: 34abfffa-8a54-4958-aeed-290c46a4adc0

01:10:28.969 [INFO ] [main] [DefaultSecurityFilterChain:43] - Creating filter chain: Ant [pattern='/css/**'], []
01:10:28.970 [INFO ] [main] [DefaultSecurityFilterChain:43] - Creating filter chain: Ant [pattern='/js/**'], []
01:10:28.970 [INFO ] [main] [DefaultSecurityFilterChain:43] - Creating filter chain: Ant [pattern='/images/**'], []
01:10:28.970 [INFO ] [main] [DefaultSecurityFilterChain:43] - Creating filter chain: Ant [pattern='/webjars/**'], []
01:10:28.970 [INFO ] [main] [DefaultSecurityFilterChain:43] - Creating filter chain: Ant [pattern='/**/favicon.ico'], []
01:10:28.970 [INFO ] [main] [DefaultSecurityFilterChain:43] - Creating filter chain: Ant [pattern='/error'], []
01:10:29.075 [INFO ] [main] [DefaultSecurityFilterChain:43] - Creating filter chain: org.springframework.security.web.util.matcher.AnyRequestMatcher@1, [org.springframework.security.web.context.request.async.WebAsyncManagerIntegrationFilter@69d23296, org.springframework.security.web.context.SecurityContextPersistenceFilter@f4a3a8d, org.springframework.security.web.header.HeaderWriterFilter@7654f833, org.springframework.security.web.authentication.logout.LogoutFilter@6920b0bc, org.springframework.security.web.authentication.UsernamePasswordAuthenticationFilter@38e7ed69, org.springframework.security.web.savedrequest.RequestCacheAwareFilter@d613308, org.springframework.security.web.servletapi.SecurityContextHolderAwareRequestFilter@30f74e79, org.springframework.security.web.authentication.rememberme.RememberMeAuthenticationFilter@22752544, org.springframework.security.web.authentication.AnonymousAuthenticationFilter@3c3820bb, org.springframework.security.web.session.SessionManagementFilter@d7109be, org.springframework.security.web.access.ExceptionTranslationFilter@2d7a9786, org.springframework.security.web.access.intercept.FilterSecurityInterceptor@71926a36]
01:10:29.173 [INFO ] [main] [DefaultSecurityFilterChain:43] - Creating filter chain: OrRequestMatcher [requestMatchers=[Ant [pattern='/**']]], [org.springframework.security.web.context.request.async.WebAsyncManagerIntegrationFilter@5c83ae01, org.springframework.security.web.context.SecurityContextPersistenceFilter@24a86066, org.springframework.security.web.header.HeaderWriterFilter@4e682398, org.springframework.security.web.authentication.logout.LogoutFilter@6a6f6c7e, org.springframework.security.web.authentication.www.BasicAuthenticationFilter@6c5ddccd, org.springframework.security.web.savedrequest.RequestCacheAwareFilter@54402c04, org.springframework.security.web.servletapi.SecurityContextHolderAwareRequestFilter@5b3bb1f7, org.springframework.security.web.authentication.AnonymousAuthenticationFilter@2d64c100, org.springframework.security.web.session.SessionManagementFilter@670b3ca, org.springframework.security.web.access.ExceptionTranslationFilter@3fd9e827, org.springframework.security.web.access.intercept.FilterSecurityInterceptor@47d023b7]
01:10:29.363 [INFO ] [main] [AnnotationMBeanExporter:431] - Registering beans for JMX exposure on startup
01:10:29.389 [INFO ] [main] [Http11NioProtocol:179] - Initializing ProtocolHandler ["http-nio-8080"]
01:10:29.405 [INFO ] [main] [Http11NioProtocol:179] - Starting ProtocolHandler [http-nio-8080]
01:10:29.427 [INFO ] [main] [NioSelectorPool:179] - Using a shared selector for servlet write/read
01:10:29.453 [INFO ] [main] [TomcatEmbeddedServletContainer:186] - Tomcat started on port(s): 8080 (http)
01:10:29.458 [INFO ] [main] [CampusApplication:57] - Started CampusApplication in 5.891 seconds (JVM running for 6.754)
01:10:41.419 [INFO ] [http-nio-8080-exec-1] [[/]:179] - Initializing Spring FrameworkServlet 'dispatcherServlet'
01:10:41.419 [INFO ] [http-nio-8080-exec-1] [DispatcherServlet:489] - FrameworkServlet 'dispatcherServlet': initialization started
01:10:41.437 [INFO ] [http-nio-8080-exec-1] [DispatcherServlet:508] - FrameworkServlet 'dispatcherServlet': initialization completed in 18 ms
01:12:32.957 [INFO ] [http-nio-8080-exec-10] [SecurityConfig:81] - Authentication process init for user joe
01:12:33.042 [INFO ] [http-nio-8080-exec-10] [SecurityConfig:87] - User from databaseUserDto{id=135, login='null', firstName='Jose', lastName='Diaz Diaz', userName='joe', status='A'}
01:12:33.149 [INFO ] [http-nio-8080-exec-7] [IndexController:62] - Is Remember me autenticated false 
01:12:33.345 [INFO ] [http-nio-8080-exec-7] [IndexController:129] - Allowed modules: ModuleDto{name='Java', url='null', code='C1', permissionType='null', subModules=ModuleDto{name='Oracle Certified Java 6', url='curso.contenido.ocjp6', code='C18', permissionType='W', subModules=[]},ModuleDto{name='Java Associate 7 y 8', url='curso.contenido.javaasocciate78', code='C21', permissionType='W', subModules=[]},ModuleDto{name='Java 7', url='curso.contenido.java7', code='C25', permissionType='W', subModules=[]},ModuleDto{name='Java 8', url='curso.contenido.java8', code='C26', permissionType='W', subModules=[]}},ModuleDto{name='Java EE', url='null', code='C2', permissionType='null', subModules=ModuleDto{name='Spring Framework 2.0', url='curso.contenido.spring2', code='C13', permissionType='W', subModules=[]},ModuleDto{name='Spring Boot', url='curso.contenido.springboot1', code='C14', permissionType='W', subModules=[]},ModuleDto{name='Spring Framework 3.0 y 4.0', url='curso.contenido.spring34', code='C15', permissionType='W', subModules=[]},ModuleDto{name='Spring MVC 4', url='curso.contenido.springmvc4', code='C16', permissionType='W', subModules=[]},ModuleDto{name='Desarrollo de Servicios Web SOAP y REST con Java', url='curso.contenido.serviciosweb1', code='C17', permissionType='W', subModules=[]},ModuleDto{name='Mule ESB', url='curso.contenido.muleesb1', code='C19', permissionType='W', subModules=[]},ModuleDto{name='Introduccin a Java Web', url='curso.contenido.introjavaweb', code='C20', permissionType='W', subModules=[]},ModuleDto{name='Vaadin 7', url='curso.contenido.vaadin', code='C23', permissionType='W', subModules=[]},ModuleDto{name='Hibernate', url='curso.contenido.hibernate', code='C27', permissionType='W', subModules=[]},ModuleDto{name='Mybatis', url='curso.contenido.mybatis', code='C28', permissionType='W', subModules=[]},ModuleDto{name='Desarrollo Web con Primefaces', url='curso.contenido.primefaces', code='C29', permissionType='W', subModules=[]},ModuleDto{name='Java EE 7', url='curso.contenido.javaee7', code='C30', permissionType='W', subModules=[]}},ModuleDto{name='Android', url='null', code='C3', permissionType='null', subModules=ModuleDto{name='Iniciando con Android', url='curso.contenido.introandroid', code='C34', permissionType='W', subModules=[]},ModuleDto{name='Almacenamiento de Datos con Android', url='curso.contenido.sqliteandroid', code='C35', permissionType='W', subModules=[]},ModuleDto{name='Integracin con Servidores y Mapas', url='curso.contenido.mapasgpsandroid', code='C36', permissionType='W', subModules=[]},ModuleDto{name='Publiguia', url='curso.contenido.publiguiaandroid', code='C37', permissionType='W', subModules=[]}},ModuleDto{name='Devops', url='null', code='C4', permissionType='null', subModules=ModuleDto{name='Devops', url='curso.contenido.devops', code='C22', permissionType='W', subModules=[]}},ModuleDto{name='Ruby', url='null', code='C5', permissionType='null', subModules=ModuleDto{name='Introduccin a Ruby on Rails', url='curso.contenido.introror', code='C24', permissionType='W', subModules=[]}},ModuleDto{name='Python', url='null', code='C6', permissionType='null', subModules=ModuleDto{name='Introduccin a Python', url='curso.contenido.intropython', code='C31', permissionType='W', subModules=[]},ModuleDto{name='Python para Zombies', url='curso.contenido.pythonparazombies', code='C32', permissionType='W', subModules=[]}},ModuleDto{name='.NET', url='null', code='C7', permissionType='null', subModules=ModuleDto{name='ASP.NET MVC 3', url='curso.contenido.aspnetmvc3', code='C11', permissionType='W', subModules=[]},ModuleDto{name='Test Driven Development con .NET', url='curso.contenido.tddnet', code='C12', permissionType='W', subModules=[]}},ModuleDto{name='Frontend', url='null', code='C8', permissionType='null', subModules=ModuleDto{name='Angular JS', url='curso.contenido.angularjs1', code='C33', permissionType='W', subModules=[]}}
01:13:33.833 [ERROR] [http-nio-8080-exec-4] [RestTemplateResponseErrorHandler:15] - Response error: 500 null
01:13:33.835 [INFO ] [http-nio-8080-exec-4] [TokenServiceImpl:78] - Remove token invoked: {"timestamp":1472883213826,"status":500,"error":"Internal Server Error","exception":"org.springframework.jdbc.BadSqlGrammarException","message":"PreparedStatementCallback; bad SQL grammar [delete from persistent_login where user_name = ?]; nested exception is com.mysql.jdbc.exceptions.jdbc4.MySQLSyntaxErrorException: Table 'api.persistent_login' doesn't exist","path":"/token/removeUserTokens/"}
09:38:50.803 [INFO ] [Thread-2] [AnnotationConfigEmbeddedWebApplicationContext:982] - Closing org.springframework.boot.context.embedded.AnnotationConfigEmbeddedWebApplicationContext@2892dae4: startup date [Sat Sep 03 01:10:25 PET 2016]; root of context hierarchy
09:38:50.933 [INFO ] [Thread-2] [AnnotationMBeanExporter:449] - Unregistering JMX-exposed beans on shutdown
